<?xml version="1.0" encoding="UTF-8"?>
<coverage generated="1681390065889" clover="3.2.0">
  <project timestamp="1681390065889" name="All files">
    <metrics statements="18" coveredstatements="10" conditionals="6" coveredconditionals="2" methods="3" coveredmethods="2" elements="27" coveredelements="14" complexity="0" loc="18" ncloc="18" packages="3" files="5" classes="5"/>
    <package name="src">
      <metrics statements="12" coveredstatements="8" conditionals="2" coveredconditionals="2" methods="2" coveredmethods="1"/>
      <file name="main.js" path="C:\Users\Lukáš\Documents\JavaScript\stinBankZaloha\frontend\src\main.js">
        <metrics statements="4" coveredstatements="0" conditionals="0" coveredconditionals="0" methods="1" coveredmethods="0"/>
        <line num="6" count="0" type="stmt"/>
        <line num="9" count="0" type="stmt"/>
        <line num="11" count="0" type="stmt"/>
        <line num="13" count="0" type="stmt"/>
      </file>
      <file name="paymentsTools.js" path="C:\Users\Lukáš\Documents\JavaScript\stinBankZaloha\frontend\src\paymentsTools.js">
        <metrics statements="8" coveredstatements="8" conditionals="2" coveredconditionals="2" methods="1" coveredmethods="1"/>
        <line num="4" count="1" type="stmt"/>
        <line num="7" count="1" type="stmt"/>
        <line num="9" count="2" type="stmt"/>
        <line num="10" count="2" type="stmt"/>
        <line num="11" count="3" type="cond" truecount="2" falsecount="0"/>
        <line num="12" count="1" type="stmt"/>
        <line num="16" count="1" type="stmt"/>
        <line num="19" count="1" type="stmt"/>
      </file>
    </package>
    <package name="src.router">
      <metrics statements="3" coveredstatements="0" conditionals="0" coveredconditionals="0" methods="0" coveredmethods="0"/>
      <file name="index.js" path="C:\Users\Lukáš\Documents\JavaScript\stinBankZaloha\frontend\src\router\index.js">
        <metrics statements="3" coveredstatements="0" conditionals="0" coveredconditionals="0" methods="0" coveredmethods="0"/>
        <line num="8" count="0" type="stmt"/>
        <line num="10" count="0" type="stmt"/>
        <line num="23" count="0" type="stmt"/>
      </file>
    </package>
    <package name="src.store">
      <metrics statements="3" coveredstatements="2" conditionals="4" coveredconditionals="0" methods="1" coveredmethods="1"/>
      <file name="script.js" path="C:\Users\Lukáš\Documents\JavaScript\stinBankZaloha\frontend\src\store\script.js">
        <metrics statements="2" coveredstatements="2" conditionals="0" coveredconditionals="0" methods="1" coveredmethods="1"/>
        <line num="3" count="3" type="stmt"/>
        <line num="6" count="1" type="stmt"/>
      </file>
      <file name="store.js" path="C:\Users\Lukáš\Documents\JavaScript\stinBankZaloha\frontend\src\store\store.js">
        <metrics statements="1" coveredstatements="0" conditionals="4" coveredconditionals="0" methods="0" coveredmethods="0"/>
        <line num="8" count="0" type="stmt"/>
      </file>
    </package>
  </project>
</coverage>
