{"C:\\Users\\Lukáš\\Documents\\JavaScript\\untitled\\frontend\\src\\components\\betweenComponent.vue": {"path":"C:\\Users\\Lukáš\\Documents\\JavaScript\\untitled\\frontend\\src\\components\\betweenComponent.vue","statementMap":{"0":{"start":{"line":4,"column":0},"end":{"line":6,"column":3}},"1":{"start":{"line":7,"column":0},"end":{"line":7,"column":25}},"2":{"start":{"line":12,"column":14},"end":{"line":12,"column":30}},"3":{"start":{"line":55,"column":0},"end":{"line":55,"column":13}},"4":{"start":{"line":57,"column":0},"end":{"line":59,"column":3}},"5":{"start":{"line":60,"column":0},"end":{"line":60,"column":24}},"6":{"start":{"line":61,"column":11},"end":{"line":61,"column":25}},"7":{"start":{"line":62,"column":19},"end":{"line":64,"column":1}},"8":{"start":{"line":65,"column":19},"end":{"line":67,"column":1}},"9":{"start":{"line":68,"column":32},"end":{"line":70,"column":42}},"10":{"start":{"line":71,"column":32},"end":{"line":73,"column":32}},"11":{"start":{"line":74,"column":32},"end":{"line":76,"column":34}},"12":{"start":{"line":77,"column":32},"end":{"line":81,"column":26}},"13":{"start":{"line":82,"column":19},"end":{"line":84,"column":1}},"14":{"start":{"line":85,"column":32},"end":{"line":87,"column":26}},"15":{"start":{"line":88,"column":32},"end":{"line":90,"column":43}},"16":{"start":{"line":91,"column":33},"end":{"line":91,"column":97}},"17":{"start":{"line":94,"column":2},"end":{"line":104,"column":37}},"18":{"start":{"line":98,"column":63},"end":{"line":98,"column":81}},"19":{"start":{"line":102,"column":52},"end":{"line":102,"column":95}},"20":{"start":{"line":105,"column":2},"end":{"line":105,"column":49}}},"fnMap":{"0":{"name":"render","decl":{"start":{"line":93,"column":9},"end":{"line":93,"column":15}},"loc":{"start":{"line":93,"column":30},"end":{"line":105,"column":1}},"line":93},"1":{"name":"(anonymous_1)","decl":{"start":{"line":98,"column":53},"end":{"line":98,"column":54}},"loc":{"start":{"line":98,"column":63},"end":{"line":98,"column":81}},"line":98},"2":{"name":"(anonymous_2)","decl":{"start":{"line":102,"column":39},"end":{"line":102,"column":40}},"loc":{"start":{"line":102,"column":52},"end":{"line":102,"column":95}},"line":102}},"branchMap":{"0":{"loc":{"start":{"line":98,"column":27},"end":{"line":98,"column":82}},"type":"binary-expr","locations":[{"start":{"line":98,"column":27},"end":{"line":98,"column":36}},{"start":{"line":98,"column":41},"end":{"line":98,"column":81}}],"line":98},"1":{"loc":{"start":{"line":102,"column":13},"end":{"line":102,"column":96}},"type":"binary-expr","locations":[{"start":{"line":102,"column":13},"end":{"line":102,"column":22}},{"start":{"line":102,"column":27},"end":{"line":102,"column":95}}],"line":102},"2":{"loc":{"start":{"line":102,"column":52},"end":{"line":102,"column":95}},"type":"binary-expr","locations":[{"start":{"line":102,"column":52},"end":{"line":102,"column":67}},{"start":{"line":102,"column":71},"end":{"line":102,"column":95}}],"line":102}},"s":{"0":0,"1":0,"2":0,"3":0,"4":0,"5":0,"6":0,"7":0,"8":0,"9":0,"10":0,"11":0,"12":0,"13":0,"14":0,"15":0,"16":0,"17":0,"18":0,"19":0,"20":0},"f":{"0":0,"1":0,"2":0},"b":{"0":[0,0],"1":[0,0],"2":[0,0]},"inputSourceMap":{"0":"{","1":"\"","2":"v","3":"e","4":"r","5":"s","6":"i","7":"o","8":"n","9":"\"","10":":","11":"3","12":",","13":"\"","14":"s","15":"o","16":"u","17":"r","18":"c","19":"e","20":"s","21":"\"","22":":","23":"[","24":"\"","25":"C","26":":","27":"\\","28":"\\","29":"U","30":"s","31":"e","32":"r","33":"s","34":"\\","35":"\\","36":"L","37":"u","38":"k","39":"á","40":"š","41":"\\","42":"\\","43":"D","44":"o","45":"c","46":"u","47":"m","48":"e","49":"n","50":"t","51":"s","52":"\\","53":"\\","54":"J","55":"a","56":"v","57":"a","58":"S","59":"c","60":"r","61":"i","62":"p","63":"t","64":"\\","65":"\\","66":"u","67":"n","68":"t","69":"i","70":"t","71":"l","72":"e","73":"d","74":"\\","75":"\\","76":"f","77":"r","78":"o","79":"n","80":"t","81":"e","82":"n","83":"d","84":"\\","85":"\\","86":"s","87":"r","88":"c","89":"\\","90":"\\","91":"c","92":"o","93":"m","94":"p","95":"o","96":"n","97":"e","98":"n","99":"t","100":"s","101":"\\","102":"\\","103":"b","104":"e","105":"t","106":"w","107":"e","108":"e","109":"n","110":"C","111":"o","112":"m","113":"p","114":"o","115":"n","116":"e","117":"n","118":"t","119":".","120":"v","121":"u","122":"e","123":"\"","124":"]","125":",","126":"\"","127":"n","128":"a","129":"m","130":"e","131":"s","132":"\"","133":":","134":"[","135":"]","136":",","137":"\"","138":"m","139":"a","140":"p","141":"p","142":"i","143":"n","144":"g","145":"s","146":"\"","147":":","148":"\"","149":";","150":";","151":";","152":";","153":";","154":";","155":";","156":"A","157":"A","158":"y","159":"B","160":"A","161":";","162":";","163":"A","164":"A","165":"E","166":"A","167":";","168":";","169":"A","170":"A","171":"E","172":"A","173":",","174":"M","175":"A","176":"A","177":"M","178":",","179":"K","180":"A","181":"A","182":"K","183":",","184":"G","185":"A","186":"A","187":"G","188":",","189":"O","190":"A","191":"A","192":"O","193":",","194":"C","195":"A","196":"A","197":"C","198":",","199":"O","200":"A","201":"A","202":"O","203":",","204":"C","205":"A","206":"A","207":"C","208":";","209":"A","210":"A","211":"A","212":"C","213":";","214":"A","215":"A","216":"A","217":"A","218":",","219":"e","220":"A","221":"E","222":"h","223":"B","224":";","225":"E","226":"A","227":"C","228":"b","229":",","230":"I","231":"A","232":"A","233":"I","234":",","235":"E","236":"A","237":"A","238":"E","239":",","240":"k","241":"B","242":"A","243":"A","244":"k","245":"B","246":";","247":"E","248":"A","249":"C","250":"x","251":"B","252":",","253":"K","254":"A","255":"A","256":"K","257":",","258":"E","259":"A","260":"A","261":"E","262":",","263":"C","264":"A","265":"A","266":"C","267":",","268":"M","269":"A","270":"A","271":"M","272":",","273":"E","274":"A","275":"A","276":"E","277":",","278":"g","279":"B","280":"A","281":"A","282":"g","283":"B","284":",","285":"C","286":"A","287":"A","288":"C","289":";","290":"E","291":"A","292":"C","293":"h","294":"C","295":",","296":"I","297":"A","298":"A","299":"I","300":",","301":"G","302":"A","303":"A","304":"E","305":";","306":"I","307":"A","308":"C","309":"L","310":",","311":"O","312":"A","313":"A","314":"M","315":";","316":"M","317":"A","318":"E","319":"J","320":",","321":"M","322":"A","323":"A","324":"M","325":",","326":"E","327":"A","328":"A","329":"E","330":",","331":"I","332":"A","333":"A","334":"I","335":",","336":"C","337":"A","338":"A","339":"C","340":",","341":"K","342":"A","343":"A","344":"K","345":",","346":"C","347":"A","348":"A","349":"C","350":",","351":"Y","352":"A","353":"A","354":"Y","355":",","356":"C","357":"A","358":"A","359":"C","360":",","361":"M","362":"A","363":"A","364":"M","365":",","366":"C","367":"A","368":"A","369":"C","370":";","371":"M","372":"A","373":"C","374":"v","375":"C","376":",","377":"O","378":"A","379":"A","380":"O","381":",","382":"E","383":"A","384":"A","385":"C","386":",","387":"E","388":"A","389":"A","390":"E","391":";","392":"M","393":"A","394":"C","395":"V","396":",","397":"I","398":"A","399":"A","400":"I","401":",","402":"E","403":"A","404":"A","405":"C","406":";","407":"I","408":"A","409":"C","410":"P","411":",","412":"C","413":"A","414":"A","415":"C","416":";","417":"E","418":"A","419":"C","420":"F","421":",","422":"C","423":"A","424":"A","425":"C","426":";","427":"E","428":"A","429":"E","430":"F","431":",","432":"M","433":"A","434":"A","435":"M","436":",","437":"O","438":"A","439":"A","440":"O","441":",","442":"G","443":"A","444":"A","445":"G","446":";","447":"I","448":"A","449":"E","450":"d","451":",","452":"I","453":"A","454":"A","455":"I","456":",","457":"C","458":"A","459":"A","460":"C","461":",","462":"O","463":"A","464":"A","465":"O","466":",","467":"G","468":"A","469":"A","470":"G","471":",","472":"E","473":"A","474":"A","475":"E","476":";","477":"I","478":"A","479":"C","480":"j","481":"B","482":",","483":"I","484":"A","485":"A","486":"I","487":";","488":"M","489":"A","490":"C","491":"F","492":",","493":"I","494":"A","495":"A","496":"I","497":",","498":"C","499":"A","500":"A","501":"C","502":",","503":"O","504":"A","505":"A","506":"O","507":",","508":"G","509":"A","510":"A","511":"G","512":",","513":"C","514":"A","515":"A","516":"C","517":",","518":"M","519":"A","520":"A","521":"M","522":",","523":"K","524":"A","525":"A","526":"K","527":",","528":"C","529":"A","530":"A","531":"C","532":",","533":"G","534":"A","535":"A","536":"G","537":",","538":"C","539":"A","540":"A","541":"C","542":",","543":"c","544":"A","545":"A","546":"c","547":",","548":"C","549":"A","550":"A","551":"C","552":",","553":"E","554":"A","555":"A","556":"E","557":",","558":"I","559":"A","560":"A","561":"I","562":";","563":"I","564":"A","565":"C","566":"v","567":"D","568":",","569":"C","570":"A","571":"A","572":"C","573":",","574":"C","575":"A","576":"A","577":"C","578":",","579":"O","580":"A","581":"A","582":"O","583":",","584":"G","585":"A","586":"A","587":"G","588":",","589":"E","590":"A","591":"A","592":"E","593":";","594":"M","595":"A","596":"C","597":"Z","598":",","599":"O","600":"A","601":"A","602":"O","603":",","604":"C","605":"A","606":"A","607":"C","608":",","609":"G","610":"A","611":"A","612":"G","613":",","614":"C","615":"A","616":"A","617":"C","618":",","619":"G","620":"A","621":"A","622":"G","623":",","624":"C","625":"A","626":"A","627":"C","628":";","629":"I","630":"A","631":"C","632":"l","633":"B","634":";","635":"I","636":"A","637":"C","638":"A","639":",","640":"I","641":"A","642":"A","643":"I","644":",","645":"C","646":"A","647":"A","648":"C","649":",","650":"W","651":"A","652":"A","653":"W","654":",","655":"C","656":"A","657":"A","658":"C","659":",","660":"C","661":"A","662":"A","663":"C","664":";","665":"E","666":"A","667":"E","668":"p","669":"B","670":",","671":"C","672":"A","673":"A","674":"C","675":";","676":"E","677":"A","678":"E","679":"D","680":",","681":"O","682":"A","683":"A","684":"O","685":",","686":"E","687":"A","688":"A","689":"C","690":";","691":"I","692":"A","693":"E","694":"N","695":",","696":"W","697":"A","698":"A","699":"W","700":",","701":"G","702":"A","703":"A","704":"E","705":";","706":"M","707":"A","708":"C","709":"X","710":",","711":"K","712":"A","713":"A","714":"I","715":",","716":"I","717":"A","718":"A","719":"I","720":",","721":"C","722":"A","723":"A","724":"C","725":",","726":"G","727":"A","728":"A","729":"C","730":",","731":"C","732":"A","733":"A","734":"C","735":",","736":"E","737":"A","738":"A","739":"E","740":",","741":"C","742":"A","743":"A","744":"C","745":",","746":"G","747":"A","748":"A","749":"C","750":",","751":"I","752":"A","753":"A","754":"I","755":",","756":"C","757":"A","758":"A","759":"C","760":",","761":"O","762":"A","763":"A","764":"O","765":",","766":"C","767":"A","768":"A","769":"C","770":",","771":"M","772":"A","773":"A","774":"M","775":",","776":"E","777":"A","778":"A","779":"E","780":",","781":"C","782":"A","783":"A","784":"C","785":",","786":"E","787":"A","788":"A","789":"E","790":",","791":"E","792":"A","793":"A","794":"C","795":";","796":"Q","797":"A","798":"C","799":"t","800":"C","801":",","802":"I","803":"A","804":"A","805":"G","806":",","807":"I","808":"A","809":"A","810":"I","811":",","812":"C","813":"A","814":"A","815":"C","816":",","817":"O","818":"A","819":"A","820":"O","821":",","822":"C","823":"A","824":"A","825":"C","826":",","827":"C","828":"A","829":"A","830":"C","831":",","832":"C","833":"A","834":"A","835":"C","836":",","837":"C","838":"A","839":"A","840":"C","841":",","842":"I","843":"A","844":"A","845":"I","846":",","847":"K","848":"A","849":"A","850":"K","851":",","852":"I","853":"A","854":"A","855":"I","856":",","857":"C","858":"A","859":"A","860":"C","861":",","862":"M","863":"A","864":"A","865":"M","866":",","867":"C","868":"A","869":"A","870":"C","871":",","872":"I","873":"A","874":"A","875":"I","876":",","877":"E","878":"A","879":"A","880":"C","881":";","882":"U","883":"A","884":"C","885":"3","886":"C","887":",","888":"I","889":"A","890":"A","891":"I","892":",","893":"C","894":"A","895":"A","896":"C","897":",","898":"M","899":"A","900":"A","901":"M","902":",","903":"G","904":"A","905":"A","906":"G","907":",","908":"I","909":"A","910":"A","911":"I","912":",","913":"C","914":"A","915":"A","916":"C","917":",","918":"O","919":"A","920":"A","921":"O","922":",","923":"C","924":"A","925":"A","926":"C","927":",","928":"C","929":"A","930":"A","931":"C","932":",","933":"C","934":"A","935":"A","936":"C","937":";","938":"U","939":"A","940":"C","941":"7","942":"B","943":";","944":"Q","945":"A","946":"E","947":"F","948":";","949":"M","950":"A","951":"C","952":"F","953":";","954":";","955":"M","956":"A","957":"C","958":"A","959":",","960":"O","961":"A","962":"A","963":"O","964":",","965":"C","966":"A","967":"A","968":"C","969":",","970":"G","971":"A","972":"A","973":"G","974":",","975":"C","976":"A","977":"A","978":"C","979":",","980":"I","981":"A","982":"A","983":"I","984":",","985":"C","986":"A","987":"A","988":"C","989":",","990":"M","991":"A","992":"A","993":"M","994":",","995":"C","996":"A","997":"A","998":"C","999":";","1000":"I","1001":"A","1002":"E","1003":"1","1004":"B","1005":",","1006":"C","1007":"A","1008":"A","1009":"C","1010":";","1011":"I","1012":"A","1013":"E","1014":"D","1015":",","1016":"U","1017":"A","1018":"A","1019":"U","1020":",","1021":"G","1022":"A","1023":"A","1024":"E","1025":";","1026":"M","1027":"A","1028":"C","1029":"V","1030":",","1031":"I","1032":"A","1033":"A","1034":"G","1035":",","1036":"Q","1037":"A","1038":"A","1039":"Q","1040":",","1041":"C","1042":"A","1043":"A","1044":"C","1045":",","1046":"I","1047":"A","1048":"A","1049":"I","1050":",","1051":"C","1052":"A","1053":"A","1054":"C","1055":",","1056":"I","1057":"A","1058":"A","1059":"I","1060":",","1061":"C","1062":"A","1063":"A","1064":"C","1065":",","1066":"K","1067":"A","1068":"A","1069":"K","1070":",","1071":"I","1072":"A","1073":"A","1074":"I","1075":",","1076":"C","1077":"A","1078":"A","1079":"C","1080":",","1081":"M","1082":"A","1083":"A","1084":"M","1085":",","1086":"C","1087":"A","1088":"A","1089":"C","1090":",","1091":"I","1092":"A","1093":"A","1094":"I","1095":",","1096":"E","1097":"A","1098":"A","1099":"C","1100":";","1101":"Q","1102":"A","1103":"C","1104":"1","1105":"C","1106":",","1107":"I","1108":"A","1109":"A","1110":"I","1111":",","1112":"C","1113":"A","1114":"A","1115":"C","1116":",","1117":"O","1118":"A","1119":"A","1120":"O","1121":",","1122":"C","1123":"A","1124":"A","1125":"C","1126":",","1127":"I","1128":"A","1129":"A","1130":"I","1131":",","1132":"C","1133":"A","1134":"A","1135":"E","1136":",","1137":"W","1138":"A","1139":"A","1140":"W","1141":",","1142":"C","1143":"A","1144":"A","1145":"C","1146":";","1147":"M","1148":"A","1149":"C","1150":"j","1151":"C","1152":",","1153":"C","1154":"A","1155":"A","1156":"C","1157":",","1158":"M","1159":"A","1160":"A","1161":"I","1162":";","1163":"Q","1164":"A","1165":"C","1166":"H","1167":",","1168":"K","1169":"A","1170":"A","1171":"K","1172":",","1173":"C","1174":"A","1175":"A","1176":"C","1177":",","1178":"Y","1179":"A","1180":"A","1181":"Y","1182":",","1183":"C","1184":"A","1185":"A","1186":"C","1187":";","1188":"M","1189":"A","1190":"C","1191":"r","1192":"B","1193":";","1194":"I","1195":"A","1196":"C","1197":"F","1198":";","1199":"E","1200":"A","1201":"E","1202":"F","1203":";","1204":"A","1205":"A","1206":"E","1207":"F","1208":",","1209":"C","1210":"A","1211":"A","1212":"C","1213":";","1214":"A","1215":"A","1216":"A","1217":"A","1218":";","1219":"A","1220":"A","1221":"A","1222":"A","1223":"\"","1224":",","1225":"\"","1226":"f","1227":"i","1228":"l","1229":"e","1230":"\"","1231":":","1232":"\"","1233":"C","1234":":","1235":"\\","1236":"\\","1237":"U","1238":"s","1239":"e","1240":"r","1241":"s","1242":"\\","1243":"\\","1244":"L","1245":"u","1246":"k","1247":"á","1248":"š","1249":"\\","1250":"\\","1251":"D","1252":"o","1253":"c","1254":"u","1255":"m","1256":"e","1257":"n","1258":"t","1259":"s","1260":"\\","1261":"\\","1262":"J","1263":"a","1264":"v","1265":"a","1266":"S","1267":"c","1268":"r","1269":"i","1270":"p","1271":"t","1272":"\\","1273":"\\","1274":"u","1275":"n","1276":"t","1277":"i","1278":"t","1279":"l","1280":"e","1281":"d","1282":"\\","1283":"\\","1284":"f","1285":"r","1286":"o","1287":"n","1288":"t","1289":"e","1290":"n","1291":"d","1292":"\\","1293":"\\","1294":"s","1295":"r","1296":"c","1297":"\\","1298":"\\","1299":"c","1300":"o","1301":"m","1302":"p","1303":"o","1304":"n","1305":"e","1306":"n","1307":"t","1308":"s","1309":"\\","1310":"\\","1311":"b","1312":"e","1313":"t","1314":"w","1315":"e","1316":"e","1317":"n","1318":"C","1319":"o","1320":"m","1321":"p","1322":"o","1323":"n","1324":"e","1325":"n","1326":"t","1327":".","1328":"v","1329":"u","1330":"e","1331":"\"","1332":",","1333":"\"","1334":"s","1335":"o","1336":"u","1337":"r","1338":"c","1339":"e","1340":"s","1341":"C","1342":"o","1343":"n","1344":"t","1345":"e","1346":"n","1347":"t","1348":"\"","1349":":","1350":"[","1351":"\"","1352":"<","1353":"t","1354":"e","1355":"m","1356":"p","1357":"l","1358":"a","1359":"t","1360":"e","1361":">","1362":"\\","1363":"r","1364":"\\","1365":"n","1366":"\\","1367":"r","1368":"\\","1369":"n","1370":" ","1371":" ","1372":"<","1373":"d","1374":"i","1375":"v","1376":" ","1377":"c","1378":"l","1379":"a","1380":"s","1381":"s","1382":"=","1383":"\\","1384":"\"","1385":"c","1386":"o","1387":"n","1388":"t","1389":"a","1390":"i","1391":"n","1392":"e","1393":"r","1394":"-","1395":"l","1396":"o","1397":"g","1398":"i","1399":"n","1400":"\\","1401":"\"","1402":">","1403":"\\","1404":"r","1405":"\\","1406":"n","1407":" ","1408":" ","1409":" ","1410":" ","1411":"<","1412":"d","1413":"i","1414":"v","1415":" ","1416":"c","1417":"l","1418":"a","1419":"s","1420":"s","1421":"=","1422":"\\","1423":"\"","1424":"c","1425":"a","1426":"r","1427":"d","1428":" ","1429":"c","1430":"a","1431":"r","1432":"d","1433":"-","1434":"c","1435":"o","1436":"n","1437":"t","1438":"a","1439":"i","1440":"n","1441":"e","1442":"r","1443":"\\","1444":"\"","1445":">","1446":"\\","1447":"r","1448":"\\","1449":"n","1450":" ","1451":" ","1452":" ","1453":" ","1454":" ","1455":" ","1456":"<","1457":"h","1458":"1","1459":" ","1460":"c","1461":"l","1462":"a","1463":"s","1464":"s","1465":"=","1466":"\\","1467":"\"","1468":"w","1469":"e","1470":"l","1471":"c","1472":"o","1473":"m","1474":"e","1475":"\\","1476":"\"","1477":">","1478":"V","1479":"í","1480":"t","1481":"e","1482":"j","1483":"t","1484":"e","1485":" ","1486":"v","1487":" ","1488":"a","1489":"p","1490":"l","1491":"i","1492":"k","1493":"a","1494":"c","1495":"i","1496":"<","1497":"/","1498":"h","1499":"1","1500":">","1501":" ","1502":"<","1503":"h","1504":"3","1505":" ","1506":"c","1507":"l","1508":"a","1509":"s","1510":"s","1511":"=","1512":"\\","1513":"\"","1514":"l","1515":"o","1516":"g","1517":"o","1518":"\\","1519":"\"","1520":">","1521":"S","1522":"t","1523":"i","1524":"n","1525":"B","1526":"a","1527":"n","1528":"k","1529":"<","1530":"/","1531":"h","1532":"3","1533":">","1534":"\\","1535":"r","1536":"\\","1537":"n","1538":" ","1539":" ","1540":" ","1541":" ","1542":" ","1543":" ","1544":"<","1545":"h","1546":"1","1547":" ","1548":"c","1549":"l","1550":"a","1551":"s","1552":"s","1553":"=","1554":"\\","1555":"\"","1556":"l","1557":"o","1558":"g","1559":"i","1560":"n","1561":"-","1562":"i","1563":"n","1564":"p","1565":"u","1566":"t","1567":"\\","1568":"\"","1569":">","1570":"P","1571":"ř","1572":"i","1573":"h","1574":"l","1575":"á","1576":"š","1577":"e","1578":"n","1579":"í","1580":"<","1581":"/","1582":"h","1583":"1","1584":">","1585":"\\","1586":"r","1587":"\\","1588":"n","1589":" ","1590":" ","1591":" ","1592":" ","1593":" ","1594":" ","1595":"<","1596":"i","1597":"m","1598":"g","1599":" ","1600":"c","1601":"l","1602":"a","1603":"s","1604":"s","1605":"=","1606":"\\","1607":"\"","1608":"p","1609":"r","1610":"o","1611":"f","1612":"i","1613":"l","1614":"e","1615":"-","1616":"i","1617":"m","1618":"g","1619":"-","1620":"c","1621":"a","1622":"r","1623":"d","1624":"\\","1625":"\"","1626":" ","1627":"a","1628":"l","1629":"t","1630":"=","1631":"\\","1632":"\"","1633":"\\","1634":"\"","1635":" ","1636":"s","1637":"r","1638":"c","1639":"=","1640":"\\","1641":"\"","1642":"/","1643":"/","1644":"s","1645":"s","1646":"l","1647":".","1648":"g","1649":"s","1650":"t","1651":"a","1652":"t","1653":"i","1654":"c","1655":".","1656":"c","1657":"o","1658":"m","1659":"/","1660":"a","1661":"c","1662":"c","1663":"o","1664":"u","1665":"n","1666":"t","1667":"s","1668":"/","1669":"u","1670":"i","1671":"/","1672":"a","1673":"v","1674":"a","1675":"t","1676":"a","1677":"r","1678":"_","1679":"2","1680":"x","1681":".","1682":"p","1683":"n","1684":"g","1685":"\\","1686":"\"","1687":" ","1688":"/","1689":">","1690":"\\","1691":"r","1692":"\\","1693":"n","1694":"\\","1695":"r","1696":"\\","1697":"n","1698":" ","1699":" ","1700":" ","1701":" ","1702":" ","1703":" ","1704":"<","1705":"f","1706":"o","1707":"r","1708":"m","1709":" ","1710":"c","1711":"l","1712":"a","1713":"s","1714":"s","1715":"=","1716":"\\","1717":"\"","1718":"f","1719":"o","1720":"r","1721":"m","1722":"-","1723":"s","1724":"i","1725":"g","1726":"n","1727":"i","1728":"n","1729":"\\","1730":"\"","1731":">","1732":"\\","1733":"r","1734":"\\","1735":"n","1736":" ","1737":" ","1738":" ","1739":" ","1740":" ","1741":" ","1742":" ","1743":" ","1744":"<","1745":"s","1746":"p","1747":"a","1748":"n","1749":" ","1750":"c","1751":"l","1752":"a","1753":"s","1754":"s","1755":"=","1756":"\\","1757":"\"","1758":"r","1759":"e","1760":"a","1761":"u","1762":"t","1763":"h","1764":"-","1765":"e","1766":"m","1767":"a","1768":"i","1769":"l","1770":"\\","1771":"\"","1772":">","1773":"<","1774":"/","1775":"s","1776":"p","1777":"a","1778":"n","1779":">","1780":"\\","1781":"r","1782":"\\","1783":"n","1784":" ","1785":" ","1786":" ","1787":" ","1788":" ","1789":" ","1790":" ","1791":" ","1792":"<","1793":"h","1794":"2","1795":" ","1796":"c","1797":"l","1798":"a","1799":"s","1800":"s","1801":"=","1802":"\\","1803":"\"","1804":"w","1805":"r","1806":"i","1807":"t","1808":"e","1809":"-","1810":"c","1811":"o","1812":"d","1813":"e","1814":"\\","1815":"\"","1816":">","1817":"Z","1818":"a","1819":"d","1820":"e","1821":"j","1822":" ","1823":"o","1824":"v","1825":"ě","1826":"ř","1827":"o","1828":"v","1829":"a","1830":"c","1831":"í","1832":" ","1833":"k","1834":"o","1835":"d","1836":"<","1837":"/","1838":"h","1839":"2","1840":">","1841":"\\","1842":"r","1843":"\\","1844":"n","1845":" ","1846":" ","1847":" ","1848":" ","1849":" ","1850":" ","1851":" ","1852":" ","1853":"<","1854":"i","1855":"n","1856":"p","1857":"u","1858":"t","1859":" ","1860":"i","1861":"d","1862":"=","1863":"\\","1864":"\"","1865":"i","1866":"n","1867":"p","1868":"u","1869":"t","1870":"P","1871":"a","1872":"s","1873":"s","1874":"w","1875":"o","1876":"r","1877":"d","1878":"\\","1879":"\"","1880":" ","1881":"p","1882":"l","1883":"a","1884":"c","1885":"e","1886":"h","1887":"o","1888":"l","1889":"d","1890":"e","1891":"r","1892":"=","1893":"\\","1894":"\"","1895":"H","1896":"e","1897":"s","1898":"l","1899":"o","1900":"\\","1901":"\"","1902":" ","1903":"t","1904":"y","1905":"p","1906":"e","1907":"=","1908":"\\","1909":"\"","1910":"p","1911":"a","1912":"s","1913":"s","1914":"w","1915":"o","1916":"r","1917":"d","1918":"\\","1919":"\"","1920":" ","1921":"v","1922":"-","1923":"m","1924":"o","1925":"d","1926":"e","1927":"l","1928":"=","1929":"\\","1930":"\"","1931":"c","1932":"o","1933":"d","1934":"e","1935":"\\","1936":"\"","1937":" ","1938":"/","1939":">","1940":"\\","1941":"r","1942":"\\","1943":"n","1944":" ","1945":" ","1946":" ","1947":" ","1948":" ","1949":" ","1950":" ","1951":" ","1952":"<","1953":"b","1954":"u","1955":"t","1956":"t","1957":"o","1958":"n","1959":" ","1960":"c","1961":"l","1962":"a","1963":"s","1964":"s","1965":"=","1966":"\\","1967":"\"","1968":"l","1969":"o","1970":"g","1971":"i","1972":"n","1973":"-","1974":"b","1975":"u","1976":"t","1977":"t","1978":"o","1979":"n","1980":"\\","1981":"\"","1982":" ","1983":"v","1984":"a","1985":"l","1986":"u","1987":"e","1988":"=","1989":"\\","1990":"\"","1991":"l","1992":"o","1993":"g","1994":"i","1995":"n","1996":"\\","1997":"\"","1998":" ","1999":"@","2000":"c","2001":"l","2002":"i","2003":"c","2004":"k","2005":"=","2006":"\\","2007":"\"","2008":"t","2009":"o","2010":"_","2011":"p","2012":"r","2013":"o","2014":"f","2015":"i","2016":"l","2017":"e","2018":"\\","2019":"\"","2020":" ","2021":"t","2022":"y","2023":"p","2024":"e","2025":"=","2026":"\\","2027":"\"","2028":"s","2029":"u","2030":"b","2031":"m","2032":"i","2033":"t","2034":"\\","2035":"\"","2036":">","2037":"P","2038":"ř","2039":"i","2040":"h","2041":"l","2042":"á","2043":"s","2044":"i","2045":"t","2046":"<","2047":"/","2048":"b","2049":"u","2050":"t","2051":"t","2052":"o","2053":"n","2054":">","2055":"\\","2056":"r","2057":"\\","2058":"n","2059":"\\","2060":"r","2061":"\\","2062":"n","2063":"\\","2064":"r","2065":"\\","2066":"n","2067":" ","2068":" ","2069":" ","2070":" ","2071":" ","2072":" ","2073":" ","2074":" ","2075":"<","2076":"b","2077":"r","2078":">","2079":"\\","2080":"r","2081":"\\","2082":"n","2083":"\\","2084":"r","2085":"\\","2086":"n","2087":" ","2088":" ","2089":" ","2090":" ","2091":" ","2092":" ","2093":"<","2094":"/","2095":"f","2096":"o","2097":"r","2098":"m","2099":">","2100":"\\","2101":"r","2102":"\\","2103":"n","2104":" ","2105":" ","2106":" ","2107":" ","2108":"<","2109":"/","2110":"d","2111":"i","2112":"v","2113":">","2114":"\\","2115":"r","2116":"\\","2117":"n","2118":" ","2119":" ","2120":"<","2121":"/","2122":"d","2123":"i","2124":"v","2125":">","2126":"\\","2127":"r","2128":"\\","2129":"n","2130":"\\","2131":"r","2132":"\\","2133":"n","2134":"\\","2135":"r","2136":"\\","2137":"n","2138":"<","2139":"/","2140":"t","2141":"e","2142":"m","2143":"p","2144":"l","2145":"a","2146":"t","2147":"e","2148":">","2149":"\\","2150":"r","2151":"\\","2152":"n","2153":"\\","2154":"r","2155":"\\","2156":"n","2157":"<","2158":"s","2159":"c","2160":"r","2161":"i","2162":"p","2163":"t","2164":">","2165":"\\","2166":"r","2167":"\\","2168":"n","2169":"/","2170":"/","2171":"i","2172":"m","2173":"p","2174":"o","2175":"r","2176":"t","2177":" ","2178":"r","2179":"o","2180":"u","2181":"t","2182":"e","2183":"r","2184":" ","2185":"f","2186":"r","2187":"o","2188":"m","2189":" ","2190":"\\","2191":"\"","2192":"@","2193":"/","2194":"r","2195":"o","2196":"u","2197":"t","2198":"e","2199":"r","2200":"\\","2201":"\"","2202":";","2203":"\\","2204":"r","2205":"\\","2206":"n","2207":"\\","2208":"r","2209":"\\","2210":"n","2211":"/","2212":"/","2213":"i","2214":"m","2215":"p","2216":"o","2217":"r","2218":"t","2219":" ","2220":"a","2221":"x","2222":"i","2223":"o","2224":"s","2225":" ","2226":"f","2227":"r","2228":"o","2229":"m","2230":" ","2231":"\\","2232":"\"","2233":"a","2234":"x","2235":"i","2236":"o","2237":"s","2238":"\\","2239":"\"","2240":";","2241":"\\","2242":"r","2243":"\\","2244":"n","2245":"\\","2246":"r","2247":"\\","2248":"n","2249":"c","2250":"o","2251":"n","2252":"s","2253":"t","2254":" ","2255":"a","2256":"x","2257":"i","2258":"o","2259":"s","2260":" ","2261":"=","2262":" ","2263":"r","2264":"e","2265":"q","2266":"u","2267":"i","2268":"r","2269":"e","2270":"(","2271":"'","2272":"a","2273":"x","2274":"i","2275":"o","2276":"s","2277":"'","2278":")","2279":";","2280":"\\","2281":"r","2282":"\\","2283":"n","2284":"\\","2285":"r","2286":"\\","2287":"n","2288":"e","2289":"x","2290":"p","2291":"o","2292":"r","2293":"t","2294":" ","2295":"d","2296":"e","2297":"f","2298":"a","2299":"u","2300":"l","2301":"t","2302":" ","2303":"{","2304":"\\","2305":"r","2306":"\\","2307":"n","2308":" ","2309":" ","2310":"n","2311":"a","2312":"m","2313":"e","2314":":","2315":" ","2316":"\\","2317":"\"","2318":"b","2319":"e","2320":"t","2321":"w","2322":"e","2323":"e","2324":"n","2325":"C","2326":"o","2327":"m","2328":"p","2329":"o","2330":"n","2331":"e","2332":"n","2333":"t","2334":"\\","2335":"\"","2336":",","2337":"\\","2338":"r","2339":"\\","2340":"n","2341":" ","2342":" ","2343":"p","2344":"r","2345":"o","2346":"p","2347":"s","2348":":","2349":" ","2350":"[","2351":"'","2352":"c","2353":"o","2354":"d","2355":"e","2356":"'","2357":",","2358":" ","2359":"'","2360":"c","2361":"o","2362":"d","2363":"e","2364":"_","2365":"f","2366":"r","2367":"o","2368":"m","2369":"_","2370":"m","2371":"a","2372":"i","2373":"l","2374":"'","2375":"]","2376":",","2377":"\\","2378":"r","2379":"\\","2380":"n","2381":" ","2382":" ","2383":" ","2384":"d","2385":"a","2386":"t","2387":"a","2388":"(","2389":")","2390":"{","2391":"\\","2392":"r","2393":"\\","2394":"n","2395":" ","2396":" ","2397":" ","2398":" ","2399":"r","2400":"e","2401":"t","2402":"u","2403":"r","2404":"n","2405":"{","2406":"\\","2407":"r","2408":"\\","2409":"n","2410":"\\","2411":"r","2412":"\\","2413":"n","2414":" ","2415":" ","2416":" ","2417":" ","2418":" ","2419":" ","2420":"c","2421":"l","2422":"i","2423":"e","2424":"n","2425":"t","2426":":","2427":" ","2428":"J","2429":"S","2430":"O","2431":"N","2432":".","2433":"p","2434":"a","2435":"r","2436":"s","2437":"e","2438":"(","2439":"l","2440":"o","2441":"c","2442":"a","2443":"l","2444":"S","2445":"t","2446":"o","2447":"r","2448":"a","2449":"g","2450":"e","2451":".","2452":"c","2453":"l","2454":"i","2455":"e","2456":"n","2457":"t","2458":")","2459":",","2460":"\\","2461":"r","2462":"\\","2463":"n","2464":" ","2465":" ","2466":" ","2467":" ","2468":" ","2469":" ","2470":"c","2471":"l","2472":"i","2473":"e","2474":"n","2475":"t","2476":"s","2477":":","2478":"[","2479":"]","2480":",","2481":"\\","2482":"r","2483":"\\","2484":"n","2485":" ","2486":" ","2487":" ","2488":" ","2489":" ","2490":" ","2491":"c","2492":"o","2493":"d","2494":"e","2495":":","2496":"0","2497":"\\","2498":"r","2499":"\\","2500":"n","2501":" ","2502":" ","2503":" ","2504":" ","2505":"}","2506":"\\","2507":"r","2508":"\\","2509":"n","2510":" ","2511":" ","2512":" ","2513":"}","2514":",","2515":"\\","2516":"r","2517":"\\","2518":"n","2519":"\\","2520":"r","2521":"\\","2522":"n","2523":" ","2524":" ","2525":"a","2526":"s","2527":"y","2528":"n","2529":"c","2530":" ","2531":"m","2532":"o","2533":"u","2534":"n","2535":"t","2536":"e","2537":"d","2538":"(","2539":")","2540":" ","2541":"{","2542":"\\","2543":"r","2544":"\\","2545":"n","2546":"\\","2547":"r","2548":"\\","2549":"n","2550":" ","2551":" ","2552":" ","2553":" ","2554":"t","2555":"h","2556":"i","2557":"s","2558":".","2559":"c","2560":"l","2561":"i","2562":"e","2563":"n","2564":"t","2565":"s","2566":" ","2567":"=","2568":" ","2569":"[","2570":"]","2571":";","2572":"\\","2573":"r","2574":"\\","2575":"n","2576":" ","2577":" ","2578":" ","2579":" ","2580":"t","2581":"r","2582":"y","2583":" ","2584":"{","2585":"\\","2586":"r","2587":"\\","2588":"n","2589":" ","2590":" ","2591":" ","2592":" ","2593":" ","2594":" ","2595":"t","2596":"h","2597":"i","2598":"s","2599":".","2600":"c","2601":"l","2602":"i","2603":"e","2604":"n","2605":"t","2606":"s","2607":" ","2608":"=","2609":" ","2610":"(","2611":"a","2612":"w","2613":"a","2614":"i","2615":"t","2616":" ","2617":"a","2618":"x","2619":"i","2620":"o","2621":"s","2622":".","2623":"g","2624":"e","2625":"t","2626":"(","2627":"\\","2628":"\"","2629":"/","2630":"a","2631":"p","2632":"i","2633":"/","2634":"c","2635":"l","2636":"i","2637":"e","2638":"n","2639":"t","2640":"s","2641":"\\","2642":"\"","2643":")","2644":")","2645":".","2646":"d","2647":"a","2648":"t","2649":"a","2650":";","2651":"\\","2652":"r","2653":"\\","2654":"n","2655":" ","2656":" ","2657":" ","2658":" ","2659":"}","2660":" ","2661":"c","2662":"a","2663":"t","2664":"c","2665":"h","2666":" ","2667":"(","2668":"e","2669":"r","2670":"r","2671":")","2672":" ","2673":"{","2674":"\\","2675":"r","2676":"\\","2677":"n","2678":" ","2679":" ","2680":" ","2681":" ","2682":" ","2683":" ","2684":"c","2685":"o","2686":"n","2687":"s","2688":"o","2689":"l","2690":"e","2691":".","2692":"l","2693":"o","2694":"g","2695":"(","2696":"e","2697":"r","2698":"r","2699":")","2700":";","2701":"\\","2702":"r","2703":"\\","2704":"n","2705":" ","2706":" ","2707":" ","2708":" ","2709":"}","2710":"\\","2711":"r","2712":"\\","2713":"n","2714":" ","2715":" ","2716":" ","2717":" ","2718":"t","2719":"h","2720":"i","2721":"s","2722":".","2723":"f","2724":"i","2725":"n","2726":"d","2727":"_","2728":"c","2729":"l","2730":"i","2731":"e","2732":"n","2733":"t","2734":"(","2735":")","2736":";","2737":"\\","2738":"r","2739":"\\","2740":"n","2741":"\\","2742":"r","2743":"\\","2744":"n","2745":" ","2746":" ","2747":"}","2748":",","2749":"\\","2750":"r","2751":"\\","2752":"n","2753":"\\","2754":"r","2755":"\\","2756":"n","2757":" ","2758":" ","2759":"m","2760":"e","2761":"t","2762":"h","2763":"o","2764":"d","2765":"s","2766":":","2767":"{","2768":"\\","2769":"r","2770":"\\","2771":"n","2772":"\\","2773":"r","2774":"\\","2775":"n","2776":" ","2777":" ","2778":" ","2779":" ","2780":"f","2781":"i","2782":"n","2783":"d","2784":"_","2785":"c","2786":"l","2787":"i","2788":"e","2789":"n","2790":"t","2791":"(","2792":")","2793":"{","2794":"\\","2795":"r","2796":"\\","2797":"n","2798":" ","2799":" ","2800":" ","2801":" ","2802":" ","2803":" ","2804":"f","2805":"o","2806":"r","2807":"(","2808":"l","2809":"e","2810":"t","2811":" ","2812":"i","2813":"=","2814":"0","2815":";","2816":" ","2817":"i","2818":"<","2819":"t","2820":"h","2821":"i","2822":"s","2823":".","2824":"c","2825":"l","2826":"i","2827":"e","2828":"n","2829":"t","2830":"s","2831":".","2832":"l","2833":"e","2834":"n","2835":"g","2836":"t","2837":"h","2838":";","2839":" ","2840":"i","2841":"+","2842":"+","2843":")","2844":"{","2845":"\\","2846":"r","2847":"\\","2848":"n","2849":" ","2850":" ","2851":" ","2852":" ","2853":" ","2854":" ","2855":" ","2856":" ","2857":"i","2858":"f","2859":"(","2860":"t","2861":"h","2862":"i","2863":"s","2864":".","2865":"c","2866":"l","2867":"i","2868":"e","2869":"n","2870":"t","2871":"s","2872":"[","2873":"i","2874":"]","2875":".","2876":"m","2877":"a","2878":"i","2879":"l","2880":" ","2881":"=","2882":"=","2883":"=","2884":" ","2885":"t","2886":"h","2887":"i","2888":"s","2889":".","2890":"c","2891":"l","2892":"i","2893":"e","2894":"n","2895":"t","2896":".","2897":"m","2898":"a","2899":"i","2900":"l","2901":")","2902":"{","2903":"\\","2904":"r","2905":"\\","2906":"n","2907":" ","2908":" ","2909":" ","2910":" ","2911":" ","2912":" ","2913":" ","2914":" ","2915":" ","2916":" ","2917":"t","2918":"h","2919":"i","2920":"s","2921":".","2922":"c","2923":"l","2924":"i","2925":"e","2926":"n","2927":"t","2928":" ","2929":"=","2930":" ","2931":"t","2932":"h","2933":"i","2934":"s","2935":".","2936":"c","2937":"l","2938":"i","2939":"e","2940":"n","2941":"t","2942":"s","2943":"[","2944":"i","2945":"]","2946":";","2947":"\\","2948":"r","2949":"\\","2950":"n","2951":" ","2952":" ","2953":" ","2954":" ","2955":" ","2956":" ","2957":" ","2958":" ","2959":" ","2960":" ","2961":"/","2962":"/","2963":"c","2964":"o","2965":"n","2966":"s","2967":"o","2968":"l","2969":"e","2970":".","2971":"l","2972":"o","2973":"g","2974":"(","2975":"t","2976":"h","2977":"i","2978":"s","2979":".","2980":"c","2981":"l","2982":"i","2983":"e","2984":"n","2985":"t","2986":"s","2987":"[","2988":"i","2989":"]","2990":")","2991":";","2992":"\\","2993":"r","2994":"\\","2995":"n","2996":"\\","2997":"r","2998":"\\","2999":"n","3000":" ","3001":" ","3002":" ","3003":" ","3004":" ","3005":" ","3006":" ","3007":" ","3008":"}","3009":"\\","3010":"r","3011":"\\","3012":"n","3013":" ","3014":" ","3015":" ","3016":" ","3017":" ","3018":" ","3019":"}","3020":"\\","3021":"r","3022":"\\","3023":"n","3024":" ","3025":" ","3026":" ","3027":" ","3028":" ","3029":" ","3030":"c","3031":"o","3032":"n","3033":"s","3034":"o","3035":"l","3036":"e","3037":".","3038":"l","3039":"o","3040":"g","3041":"(","3042":"t","3043":"h","3044":"i","3045":"s","3046":".","3047":"c","3048":"l","3049":"i","3050":"e","3051":"n","3052":"t","3053":")","3054":";","3055":"\\","3056":"r","3057":"\\","3058":"n","3059":"\\","3060":"r","3061":"\\","3062":"n","3063":" ","3064":" ","3065":" ","3066":" ","3067":"}","3068":",","3069":"\\","3070":"r","3071":"\\","3072":"n","3073":"\\","3074":"r","3075":"\\","3076":"n","3077":" ","3078":" ","3079":" ","3080":" ","3081":"t","3082":"o","3083":"_","3084":"p","3085":"r","3086":"o","3087":"f","3088":"i","3089":"l","3090":"e","3091":"(","3092":")","3093":"{","3094":"\\","3095":"r","3096":"\\","3097":"n","3098":" ","3099":" ","3100":" ","3101":" ","3102":" ","3103":" ","3104":"i","3105":"f","3106":"(","3107":"p","3108":"a","3109":"r","3110":"s","3111":"e","3112":"I","3113":"n","3114":"t","3115":"(","3116":"t","3117":"h","3118":"i","3119":"s","3120":".","3121":"c","3122":"o","3123":"d","3124":"e","3125":")","3126":" ","3127":"=","3128":"=","3129":"=","3130":" ","3131":"t","3132":"h","3133":"i","3134":"s","3135":".","3136":"c","3137":"l","3138":"i","3139":"e","3140":"n","3141":"t","3142":".","3143":"c","3144":"o","3145":"d","3146":"e","3147":")","3148":"{","3149":"\\","3150":"r","3151":"\\","3152":"n","3153":" ","3154":" ","3155":" ","3156":" ","3157":" ","3158":" ","3159":" ","3160":" ","3161":"t","3162":"h","3163":"i","3164":"s","3165":".","3166":"$","3167":"r","3168":"o","3169":"u","3170":"t","3171":"e","3172":"r","3173":".","3174":"p","3175":"u","3176":"s","3177":"h","3178":"(","3179":" ","3180":"'","3181":".","3182":"/","3183":"p","3184":"r","3185":"o","3186":"f","3187":"i","3188":"l","3189":"e","3190":"'","3191":")","3192":";","3193":"\\","3194":"r","3195":"\\","3196":"n","3197":" ","3198":" ","3199":" ","3200":" ","3201":" ","3202":" ","3203":"}","3204":"e","3205":"l","3206":"s","3207":"e","3208":"{","3209":"\\","3210":"r","3211":"\\","3212":"n","3213":" ","3214":" ","3215":" ","3216":" ","3217":" ","3218":" ","3219":" ","3220":" ","3221":"a","3222":"l","3223":"e","3224":"r","3225":"t","3226":"(","3227":"'","3228":"S","3229":"p","3230":"a","3231":"t","3232":"n","3233":"y","3234":" ","3235":"k","3236":"o","3237":"d","3238":"'","3239":")","3240":";","3241":"\\","3242":"r","3243":"\\","3244":"n","3245":" ","3246":" ","3247":" ","3248":" ","3249":" ","3250":" ","3251":"}","3252":"\\","3253":"r","3254":"\\","3255":"n","3256":" ","3257":" ","3258":" ","3259":" ","3260":"}","3261":"\\","3262":"r","3263":"\\","3264":"n","3265":"\\","3266":"r","3267":"\\","3268":"n","3269":" ","3270":" ","3271":"}","3272":"\\","3273":"r","3274":"\\","3275":"n","3276":"\\","3277":"r","3278":"\\","3279":"n","3280":"}","3281":"\\","3282":"r","3283":"\\","3284":"n","3285":"<","3286":"/","3287":"s","3288":"c","3289":"r","3290":"i","3291":"p","3292":"t","3293":">","3294":"\\","3295":"r","3296":"\\","3297":"n","3298":"\\","3299":"r","3300":"\\","3301":"n","3302":"<","3303":"s","3304":"t","3305":"y","3306":"l","3307":"e","3308":" ","3309":"s","3310":"c","3311":"o","3312":"p","3313":"e","3314":"d","3315":">","3316":"\\","3317":"r","3318":"\\","3319":"n","3320":"\\","3321":"r","3322":"\\","3323":"n","3324":"<","3325":"/","3326":"s","3327":"t","3328":"y","3329":"l","3330":"e","3331":">","3332":"\\","3333":"r","3334":"\\","3335":"n","3336":"\"","3337":"]","3338":"}"}}
,"C:\\Users\\Lukáš\\Documents\\JavaScript\\untitled\\frontend\\src\\components\\headerPage.vue": {"path":"C:\\Users\\Lukáš\\Documents\\JavaScript\\untitled\\frontend\\src\\components\\headerPage.vue","statementMap":{"0":{"start":{"line":4,"column":29},"end":{"line":4,"column":84}},"1":{"start":{"line":5,"column":0},"end":{"line":7,"column":3}},"2":{"start":{"line":8,"column":0},"end":{"line":8,"column":25}},"3":{"start":{"line":27,"column":0},"end":{"line":27,"column":13}},"4":{"start":{"line":29,"column":0},"end":{"line":31,"column":3}},"5":{"start":{"line":32,"column":0},"end":{"line":32,"column":24}},"6":{"start":{"line":33,"column":11},"end":{"line":33,"column":25}},"7":{"start":{"line":34,"column":19},"end":{"line":36,"column":1}},"8":{"start":{"line":37,"column":32},"end":{"line":39,"column":32}},"9":{"start":{"line":40,"column":19},"end":{"line":42,"column":1}},"10":{"start":{"line":43,"column":32},"end":{"line":43,"column":121}},"11":{"start":{"line":46,"column":2},"end":{"line":49,"column":24}},"12":{"start":{"line":48,"column":52},"end":{"line":48,"column":87}},"13":{"start":{"line":50,"column":2},"end":{"line":50,"column":49}}},"fnMap":{"0":{"name":"render","decl":{"start":{"line":45,"column":9},"end":{"line":45,"column":15}},"loc":{"start":{"line":45,"column":30},"end":{"line":50,"column":1}},"line":45},"1":{"name":"(anonymous_1)","decl":{"start":{"line":48,"column":39},"end":{"line":48,"column":40}},"loc":{"start":{"line":48,"column":52},"end":{"line":48,"column":87}},"line":48}},"branchMap":{"0":{"loc":{"start":{"line":48,"column":13},"end":{"line":48,"column":88}},"type":"binary-expr","locations":[{"start":{"line":48,"column":13},"end":{"line":48,"column":22}},{"start":{"line":48,"column":27},"end":{"line":48,"column":87}}],"line":48},"1":{"loc":{"start":{"line":48,"column":52},"end":{"line":48,"column":87}},"type":"binary-expr","locations":[{"start":{"line":48,"column":52},"end":{"line":48,"column":63}},{"start":{"line":48,"column":67},"end":{"line":48,"column":87}}],"line":48}},"s":{"0":1,"1":1,"2":1,"3":1,"4":1,"5":1,"6":1,"7":1,"8":1,"9":1,"10":1,"11":2,"12":1,"13":1},"f":{"0":2,"1":1},"b":{"0":[2,2],"1":[1,1]},"inputSourceMap":{"0":"{","1":"\"","2":"v","3":"e","4":"r","5":"s","6":"i","7":"o","8":"n","9":"\"","10":":","11":"3","12":",","13":"\"","14":"s","15":"o","16":"u","17":"r","18":"c","19":"e","20":"s","21":"\"","22":":","23":"[","24":"\"","25":"C","26":":","27":"\\","28":"\\","29":"U","30":"s","31":"e","32":"r","33":"s","34":"\\","35":"\\","36":"L","37":"u","38":"k","39":"á","40":"š","41":"\\","42":"\\","43":"D","44":"o","45":"c","46":"u","47":"m","48":"e","49":"n","50":"t","51":"s","52":"\\","53":"\\","54":"J","55":"a","56":"v","57":"a","58":"S","59":"c","60":"r","61":"i","62":"p","63":"t","64":"\\","65":"\\","66":"u","67":"n","68":"t","69":"i","70":"t","71":"l","72":"e","73":"d","74":"\\","75":"\\","76":"f","77":"r","78":"o","79":"n","80":"t","81":"e","82":"n","83":"d","84":"\\","85":"\\","86":"s","87":"r","88":"c","89":"\\","90":"\\","91":"c","92":"o","93":"m","94":"p","95":"o","96":"n","97":"e","98":"n","99":"t","100":"s","101":"\\","102":"\\","103":"h","104":"e","105":"a","106":"d","107":"e","108":"r","109":"P","110":"a","111":"g","112":"e","113":".","114":"v","115":"u","116":"e","117":"\"","118":"]","119":",","120":"\"","121":"n","122":"a","123":"m","124":"e","125":"s","126":"\"","127":":","128":"[","129":"]","130":",","131":"\"","132":"m","133":"a","134":"p","135":"p","136":"i","137":"n","138":"g","139":"s","140":"\"","141":":","142":"\"","143":";","144":";","145":";","146":";","147":";","148":";","149":";","150":";","151":"A","152":"A","153":"W","154":"A","155":";","156":"A","157":"A","158":"A","159":"A","160":";","161":"A","162":"A","163":"A","164":"A","165":";","166":"A","167":"A","168":"A","169":"8","170":"B","171":";","172":"A","173":"A","174":"A","175":"A","176":",","177":"e","178":"A","179":"E","180":"f","181":";","182":"E","183":"A","184":"C","185":"b","186":",","187":"I","188":"A","189":"A","190":"I","191":",","192":"E","193":"A","194":"A","195":"E","196":",","197":"Y","198":"A","199":"A","200":"Y","201":";","202":"E","203":"A","204":"C","205":"l","206":"B","207":",","208":"O","209":"A","210":"A","211":"O","212":",","213":"E","214":"A","215":"A","216":"E","217":";","218":"I","219":"A","220":"C","221":"P","222":",","223":"M","224":"A","225":"A","226":"M","227":",","228":"G","229":"A","230":"A","231":"G","232":";","233":"M","234":"A","235":"E","236":"P","237":";","238":"M","239":"A","240":"A","241":"A","242":";","243":"M","244":"A","245":"A","246":"A","247":";","248":"M","249":"A","250":"A","251":"A","252":",","253":"O","254":"A","255":"A","256":"M","257":",","258":"C","259":"A","260":"A","261":"C","262":",","263":"I","264":"A","265":"A","266":"I","267":",","268":"C","269":"A","270":"A","271":"C","272":",","273":"I","274":"A","275":"A","276":"I","277":",","278":"C","279":"A","280":"A","281":"C","282":";","283":"M","284":"A","285":"C","286":"j","287":"B","288":",","289":"Y","290":"A","291":"A","292":"Y","293":",","294":"C","295":"A","296":"A","297":"C","298":",","299":"U","300":"A","301":"A","302":"U","303":",","304":"C","305":"A","306":"A","307":"C","308":",","309":"Q","310":"A","311":"A","312":"Q","313":",","314":"C","315":"A","316":"A","317":"C","318":";","319":"I","320":"A","321":"C","322":"n","323":"C","324":";","325":"E","326":"A","327":"C","328":"F","329":";","330":"A","331":"A","332":"C","333":"F","334":",","335":"C","336":"A","337":"A","338":"C","339":";","340":"A","341":"A","342":"A","343":"A","344":";","345":"A","346":"A","347":"A","348":"A","349":"\"","350":",","351":"\"","352":"f","353":"i","354":"l","355":"e","356":"\"","357":":","358":"\"","359":"C","360":":","361":"\\","362":"\\","363":"U","364":"s","365":"e","366":"r","367":"s","368":"\\","369":"\\","370":"L","371":"u","372":"k","373":"á","374":"š","375":"\\","376":"\\","377":"D","378":"o","379":"c","380":"u","381":"m","382":"e","383":"n","384":"t","385":"s","386":"\\","387":"\\","388":"J","389":"a","390":"v","391":"a","392":"S","393":"c","394":"r","395":"i","396":"p","397":"t","398":"\\","399":"\\","400":"u","401":"n","402":"t","403":"i","404":"t","405":"l","406":"e","407":"d","408":"\\","409":"\\","410":"f","411":"r","412":"o","413":"n","414":"t","415":"e","416":"n","417":"d","418":"\\","419":"\\","420":"s","421":"r","422":"c","423":"\\","424":"\\","425":"c","426":"o","427":"m","428":"p","429":"o","430":"n","431":"e","432":"n","433":"t","434":"s","435":"\\","436":"\\","437":"h","438":"e","439":"a","440":"d","441":"e","442":"r","443":"P","444":"a","445":"g","446":"e","447":".","448":"v","449":"u","450":"e","451":"\"","452":",","453":"\"","454":"s","455":"o","456":"u","457":"r","458":"c","459":"e","460":"s","461":"C","462":"o","463":"n","464":"t","465":"e","466":"n","467":"t","468":"\"","469":":","470":"[","471":"\"","472":"<","473":"t","474":"e","475":"m","476":"p","477":"l","478":"a","479":"t","480":"e","481":">","482":"\\","483":"r","484":"\\","485":"n","486":" ","487":" ","488":"<","489":"h","490":"e","491":"a","492":"d","493":"e","494":"r","495":" ","496":"c","497":"l","498":"a","499":"s","500":"s","501":"=","502":"\\","503":"\"","504":"h","505":"e","506":"a","507":"d","508":"e","509":"r","510":"\\","511":"\"","512":">","513":"\\","514":"r","515":"\\","516":"n","517":" ","518":" ","519":" ","520":" ","521":"<","522":"d","523":"i","524":"v","525":" ","526":"c","527":"l","528":"a","529":"s","530":"s","531":"=","532":"\\","533":"\"","534":"l","535":"o","536":"g","537":"o","538":"\\","539":"\"","540":">","541":"S","542":"t","543":"i","544":"n","545":"B","546":"a","547":"n","548":"k","549":"<","550":"/","551":"d","552":"i","553":"v","554":">","555":"\\","556":"r","557":"\\","558":"n","559":" ","560":" ","561":" ","562":" ","563":"<","564":"d","565":"i","566":"v","567":" ","568":"c","569":"l","570":"a","571":"s","572":"s","573":"=","574":"\\","575":"\"","576":"n","577":"a","578":"v","579":"b","580":"a","581":"r","582":"\\","583":"\"","584":">","585":"\\","586":"r","587":"\\","588":"n","589":" ","590":" ","591":" ","592":" ","593":" ","594":" ","595":"<","596":"h","597":"3","598":">","599":"V","600":"í","601":"t","602":"e","603":"j","604":"t","605":"e","606":" ","607":"v","608":" ","609":"a","610":"p","611":"l","612":"i","613":"k","614":"a","615":"c","616":"i","617":" ","618":"S","619":"t","620":"i","621":"n","622":"B","623":"a","624":"n","625":"k","626":"<","627":"/","628":"h","629":"3","630":">","631":"\\","632":"r","633":"\\","634":"n","635":" ","636":" ","637":" ","638":" ","639":" ","640":" ","641":"<","642":"b","643":"u","644":"t","645":"t","646":"o","647":"n","648":" ","649":"c","650":"l","651":"a","652":"s","653":"s","654":"=","655":"\\","656":"\"","657":"l","658":"o","659":"g","660":"o","661":"u","662":"t","663":"-","664":"b","665":"u","666":"t","667":"t","668":"o","669":"n","670":"\\","671":"\"","672":" ","673":"@","674":"c","675":"l","676":"i","677":"c","678":"k","679":"=","680":"\\","681":"\"","682":"l","683":"o","684":"g","685":"o","686":"u","687":"t","688":"\\","689":"\"","690":">","691":"O","692":"d","693":"h","694":"l","695":"á","696":"s","697":"i","698":"t","699":" ","700":"s","701":"e","702":"<","703":"/","704":"b","705":"u","706":"t","707":"t","708":"o","709":"n","710":">","711":"\\","712":"r","713":"\\","714":"n","715":" ","716":" ","717":" ","718":" ","719":"<","720":"/","721":"d","722":"i","723":"v","724":">","725":"\\","726":"r","727":"\\","728":"n","729":" ","730":" ","731":"<","732":"/","733":"h","734":"e","735":"a","736":"d","737":"e","738":"r","739":">","740":"\\","741":"r","742":"\\","743":"n","744":"<","745":"/","746":"t","747":"e","748":"m","749":"p","750":"l","751":"a","752":"t","753":"e","754":">","755":"\\","756":"r","757":"\\","758":"n","759":"\\","760":"r","761":"\\","762":"n","763":"<","764":"s","765":"c","766":"r","767":"i","768":"p","769":"t","770":">","771":"\\","772":"r","773":"\\","774":"n","775":"i","776":"m","777":"p","778":"o","779":"r","780":"t","781":" ","782":"r","783":"o","784":"u","785":"t","786":"e","787":"r","788":" ","789":"f","790":"r","791":"o","792":"m","793":" ","794":"\\","795":"\"","796":"@","797":"/","798":"r","799":"o","800":"u","801":"t","802":"e","803":"r","804":"\\","805":"\"","806":";","807":"\\","808":"r","809":"\\","810":"n","811":"\\","812":"r","813":"\\","814":"n","815":"e","816":"x","817":"p","818":"o","819":"r","820":"t","821":" ","822":"d","823":"e","824":"f","825":"a","826":"u","827":"l","828":"t","829":" ","830":"{","831":"\\","832":"r","833":"\\","834":"n","835":" ","836":" ","837":"n","838":"a","839":"m","840":"e","841":":","842":" ","843":"\\","844":"\"","845":"h","846":"e","847":"a","848":"d","849":"e","850":"r","851":"P","852":"a","853":"g","854":"e","855":"\\","856":"\"","857":",","858":"\\","859":"r","860":"\\","861":"n","862":" ","863":" ","864":"m","865":"e","866":"t","867":"h","868":"o","869":"d","870":"s","871":":","872":" ","873":"{","874":"\\","875":"r","876":"\\","877":"n","878":" ","879":" ","880":" ","881":" ","882":"l","883":"o","884":"g","885":"o","886":"u","887":"t","888":"(","889":")","890":" ","891":"{","892":"\\","893":"r","894":"\\","895":"n","896":"\\","897":"r","898":"\\","899":"n","900":" ","901":" ","902":" ","903":" ","904":" ","905":" ","906":"r","907":"o","908":"u","909":"t","910":"e","911":"r","912":".","913":"p","914":"u","915":"s","916":"h","917":"(","918":"'","919":".","920":"/","921":"'","922":")","923":";","924":"\\","925":"r","926":"\\","927":"n","928":" ","929":" ","930":" ","931":" ","932":" ","933":" ","934":"l","935":"o","936":"c","937":"a","938":"l","939":"S","940":"t","941":"o","942":"r","943":"a","944":"g","945":"e","946":".","947":"r","948":"e","949":"m","950":"o","951":"v","952":"e","953":"I","954":"t","955":"e","956":"m","957":"(","958":"\\","959":"\"","960":"c","961":"l","962":"i","963":"e","964":"n","965":"t","966":"\\","967":"\"","968":")","969":";","970":"\\","971":"r","972":"\\","973":"n","974":" ","975":" ","976":" ","977":" ","978":"}","979":"\\","980":"r","981":"\\","982":"n","983":" ","984":" ","985":"}","986":"\\","987":"r","988":"\\","989":"n","990":"}","991":";","992":"\\","993":"r","994":"\\","995":"n","996":"<","997":"/","998":"s","999":"c","1000":"r","1001":"i","1002":"p","1003":"t","1004":">","1005":"\\","1006":"r","1007":"\\","1008":"n","1009":"\\","1010":"r","1011":"\\","1012":"n","1013":"<","1014":"s","1015":"t","1016":"y","1017":"l","1018":"e","1019":" ","1020":"s","1021":"c","1022":"o","1023":"p","1024":"e","1025":"d","1026":">","1027":"\\","1028":"r","1029":"\\","1030":"n","1031":"\\","1032":"r","1033":"\\","1034":"n","1035":"\\","1036":"r","1037":"\\","1038":"n","1039":".","1040":"h","1041":"e","1042":"a","1043":"d","1044":"e","1045":"r","1046":" ","1047":"{","1048":"\\","1049":"r","1050":"\\","1051":"n","1052":"\\","1053":"r","1054":"\\","1055":"n","1056":" ","1057":" ","1058":"b","1059":"a","1060":"c","1061":"k","1062":"g","1063":"r","1064":"o","1065":"u","1066":"n","1067":"d","1068":"-","1069":"c","1070":"o","1071":"l","1072":"o","1073":"r","1074":":","1075":" ","1076":"w","1077":"h","1078":"i","1079":"t","1080":"e","1081":";","1082":"\\","1083":"r","1084":"\\","1085":"n","1086":" ","1087":" ","1088":"p","1089":"o","1090":"s","1091":"i","1092":"t","1093":"i","1094":"o","1095":"n","1096":":","1097":" ","1098":"f","1099":"i","1100":"x","1101":"e","1102":"d","1103":";","1104":"\\","1105":"r","1106":"\\","1107":"n","1108":"\\","1109":"r","1110":"\\","1111":"n","1112":" ","1113":" ","1114":"t","1115":"o","1116":"p","1117":":","1118":" ","1119":"0","1120":";","1121":"\\","1122":"r","1123":"\\","1124":"n","1125":" ","1126":" ","1127":"l","1128":"e","1129":"f","1130":"t","1131":":","1132":" ","1133":"0","1134":";","1135":"\\","1136":"r","1137":"\\","1138":"n","1139":" ","1140":" ","1141":"r","1142":"i","1143":"g","1144":"h","1145":"t","1146":":","1147":" ","1148":"0","1149":";","1150":"\\","1151":"r","1152":"\\","1153":"n","1154":"\\","1155":"r","1156":"\\","1157":"n","1158":" ","1159":" ","1160":"h","1161":"e","1162":"i","1163":"g","1164":"h","1165":"t","1166":":","1167":" ","1168":"5","1169":"r","1170":"e","1171":"m","1172":";","1173":"\\","1174":"r","1175":"\\","1176":"n","1177":" ","1178":" ","1179":"d","1180":"i","1181":"s","1182":"p","1183":"l","1184":"a","1185":"y","1186":":","1187":" ","1188":"f","1189":"l","1190":"e","1191":"x","1192":";","1193":"\\","1194":"r","1195":"\\","1196":"n","1197":" ","1198":" ","1199":"f","1200":"l","1201":"e","1202":"x","1203":":","1204":" ","1205":"a","1206":"u","1207":"t","1208":"o","1209":";","1210":"\\","1211":"r","1212":"\\","1213":"n","1214":" ","1215":" ","1216":"w","1217":"i","1218":"d","1219":"t","1220":"h","1221":":","1222":" ","1223":"1","1224":"0","1225":"0","1226":"%","1227":";","1228":"\\","1229":"r","1230":"\\","1231":"n","1232":" ","1233":" ","1234":"m","1235":"i","1236":"n","1237":"-","1238":"w","1239":"i","1240":"d","1241":"t","1242":"h","1243":":","1244":" ","1245":"5","1246":"5","1247":"0","1248":"p","1249":"x","1250":";","1251":"\\","1252":"r","1253":"\\","1254":"n","1255":" ","1256":" ","1257":"p","1258":"a","1259":"d","1260":"d","1261":"i","1262":"n","1263":"g","1264":"-","1265":"b","1266":"o","1267":"t","1268":"t","1269":"o","1270":"m","1271":":","1272":" ","1273":"1","1274":".","1275":"5","1276":"%","1277":";","1278":"\\","1279":"r","1280":"\\","1281":"n","1282":"\\","1283":"r","1284":"\\","1285":"n","1286":" ","1287":" ","1288":"b","1289":"o","1290":"r","1291":"d","1292":"e","1293":"r","1294":"-","1295":"b","1296":"o","1297":"t","1298":"t","1299":"o","1300":"m","1301":":","1302":" ","1303":"4","1304":"p","1305":"x","1306":" ","1307":"s","1308":"o","1309":"l","1310":"i","1311":"d","1312":" ","1313":"b","1314":"l","1315":"a","1316":"c","1317":"k","1318":";","1319":"\\","1320":"r","1321":"\\","1322":"n","1323":"}","1324":"\\","1325":"r","1326":"\\","1327":"n","1328":"\\","1329":"r","1330":"\\","1331":"n","1332":"\\","1333":"r","1334":"\\","1335":"n","1336":".","1337":"n","1338":"a","1339":"v","1340":"b","1341":"a","1342":"r","1343":"{","1344":"\\","1345":"r","1346":"\\","1347":"n","1348":" ","1349":" ","1350":"p","1351":"o","1352":"s","1353":"i","1354":"t","1355":"i","1356":"o","1357":"n","1358":":","1359":" ","1360":"r","1361":"e","1362":"l","1363":"a","1364":"t","1365":"i","1366":"v","1367":"e","1368":";","1369":"\\","1370":"r","1371":"\\","1372":"n","1373":" ","1374":" ","1375":"m","1376":"a","1377":"r","1378":"g","1379":"i","1380":"n","1381":"-","1382":"l","1383":"e","1384":"f","1385":"t","1386":":","1387":" ","1388":"1","1389":"e","1390":"m","1391":";","1392":"\\","1393":"r","1394":"\\","1395":"n","1396":" ","1397":" ","1398":"t","1399":"e","1400":"x","1401":"t","1402":"-","1403":"d","1404":"e","1405":"c","1406":"o","1407":"r","1408":"a","1409":"t","1410":"i","1411":"o","1412":"n","1413":":","1414":" ","1415":"n","1416":"o","1417":"n","1418":"e","1419":";","1420":"\\","1421":"r","1422":"\\","1423":"n","1424":"\\","1425":"r","1426":"\\","1427":"n","1428":" ","1429":" ","1430":"f","1431":"o","1432":"n","1433":"t","1434":"-","1435":"s","1436":"i","1437":"z","1438":"e","1439":":","1440":" ","1441":"2","1442":"0","1443":"p","1444":"x","1445":";","1446":"\\","1447":"r","1448":"\\","1449":"n","1450":" ","1451":" ","1452":"t","1453":"e","1454":"x","1455":"t","1456":"-","1457":"a","1458":"l","1459":"i","1460":"g","1461":"n","1462":":","1463":" ","1464":"c","1465":"e","1466":"n","1467":"t","1468":"e","1469":"r","1470":";","1471":"\\","1472":"r","1473":"\\","1474":"n","1475":"\\","1476":"r","1477":"\\","1478":"n","1479":"\\","1480":"r","1481":"\\","1482":"n","1483":"}","1484":"\\","1485":"r","1486":"\\","1487":"n","1488":".","1489":"n","1490":"a","1491":"v","1492":"b","1493":"a","1494":"r","1495":" ","1496":"h","1497":"3","1498":"{","1499":"\\","1500":"r","1501":"\\","1502":"n","1503":" ","1504":" ","1505":"t","1506":"e","1507":"x","1508":"t","1509":"-","1510":"a","1511":"l","1512":"i","1513":"g","1514":"n","1515":":","1516":" ","1517":"c","1518":"e","1519":"n","1520":"t","1521":"e","1522":"r","1523":";","1524":"\\","1525":"r","1526":"\\","1527":"n","1528":"}","1529":"\\","1530":"r","1531":"\\","1532":"n","1533":"\\","1534":"r","1535":"\\","1536":"n","1537":"\\","1538":"r","1539":"\\","1540":"n","1541":".","1542":"l","1543":"o","1544":"g","1545":"o","1546":"{","1547":"\\","1548":"r","1549":"\\","1550":"n","1551":"\\","1552":"r","1553":"\\","1554":"n","1555":" ","1556":" ","1557":"f","1558":"l","1559":"o","1560":"a","1561":"t","1562":":","1563":" ","1564":"r","1565":"i","1566":"g","1567":"h","1568":"t","1569":";","1570":"\\","1571":"r","1572":"\\","1573":"n","1574":"\\","1575":"r","1576":"\\","1577":"n","1578":" ","1579":" ","1580":"m","1581":"a","1582":"r","1583":"g","1584":"i","1585":"n","1586":"-","1587":"l","1588":"e","1589":"f","1590":"t","1591":":","1592":" ","1593":"1","1594":"r","1595":"e","1596":"m","1597":";","1598":"\\","1599":"r","1600":"\\","1601":"n","1602":" ","1603":" ","1604":"m","1605":"a","1606":"r","1607":"g","1608":"i","1609":"n","1610":"-","1611":"r","1612":"i","1613":"g","1614":"h","1615":"t","1616":":","1617":" ","1618":"1","1619":"r","1620":"e","1621":"m","1622":";","1623":"\\","1624":"r","1625":"\\","1626":"n","1627":"\\","1628":"r","1629":"\\","1630":"n","1631":" ","1632":" ","1633":"f","1634":"o","1635":"n","1636":"t","1637":"-","1638":"s","1639":"i","1640":"z","1641":"e","1642":":","1643":" ","1644":"3","1645":"5","1646":"p","1647":"x","1648":";","1649":"\\","1650":"r","1651":"\\","1652":"n","1653":" ","1654":" ","1655":"/","1656":"*","1657":" ","1658":"c","1659":"o","1660":"l","1661":"o","1662":"r","1663":":","1664":" ","1665":"#","1666":"A","1667":"7","1668":"D","1669":"D","1670":"3","1671":"C","1672":";","1673":" ","1674":"*","1675":"/","1676":"\\","1677":"r","1678":"\\","1679":"n","1680":"\\","1681":"r","1682":"\\","1683":"n","1684":" ","1685":" ","1686":"c","1687":"o","1688":"l","1689":"o","1690":"r","1691":":","1692":" ","1693":"b","1694":"l","1695":"a","1696":"c","1697":"k","1698":";","1699":"\\","1700":"r","1701":"\\","1702":"n","1703":"\\","1704":"r","1705":"\\","1706":"n","1707":"}","1708":"\\","1709":"r","1710":"\\","1711":"n","1712":"\\","1713":"r","1714":"\\","1715":"n","1716":"\\","1717":"r","1718":"\\","1719":"n","1720":"\\","1721":"r","1722":"\\","1723":"n","1724":"\\","1725":"r","1726":"\\","1727":"n","1728":".","1729":"l","1730":"o","1731":"g","1732":"o","1733":"u","1734":"t","1735":"-","1736":"b","1737":"u","1738":"t","1739":"t","1740":"o","1741":"n","1742":"{","1743":"\\","1744":"r","1745":"\\","1746":"n","1747":" ","1748":" ","1749":"p","1750":"o","1751":"s","1752":"i","1753":"t","1754":"i","1755":"o","1756":"n","1757":":","1758":" ","1759":"f","1760":"i","1761":"x","1762":"e","1763":"d","1764":";","1765":"\\","1766":"r","1767":"\\","1768":"n","1769":" ","1770":" ","1771":"r","1772":"i","1773":"g","1774":"h","1775":"t","1776":":","1777":" ","1778":"5","1779":"%","1780":";","1781":"\\","1782":"r","1783":"\\","1784":"n","1785":" ","1786":" ","1787":"t","1788":"o","1789":"p","1790":":","1791":" ","1792":"2","1793":"%","1794":";","1795":"\\","1796":"r","1797":"\\","1798":"n","1799":"\\","1800":"r","1801":"\\","1802":"n","1803":" ","1804":" ","1805":"m","1806":"a","1807":"r","1808":"g","1809":"i","1810":"n","1811":"-","1812":"l","1813":"e","1814":"f","1815":"t","1816":":","1817":" ","1818":"1","1819":"r","1820":"e","1821":"m","1822":";","1823":"\\","1824":"r","1825":"\\","1826":"n","1827":"\\","1828":"r","1829":"\\","1830":"n","1831":" ","1832":" ","1833":"f","1834":"o","1835":"n","1836":"t","1837":"-","1838":"s","1839":"i","1840":"z","1841":"e","1842":":","1843":" ","1844":"2","1845":"0","1846":"p","1847":"x","1848":";","1849":"\\","1850":"r","1851":"\\","1852":"n","1853":" ","1854":" ","1855":"t","1856":"e","1857":"x","1858":"t","1859":"-","1860":"a","1861":"l","1862":"i","1863":"g","1864":"n","1865":":","1866":" ","1867":"c","1868":"e","1869":"n","1870":"t","1871":"e","1872":"r","1873":";","1874":"\\","1875":"r","1876":"\\","1877":"n","1878":"\\","1879":"r","1880":"\\","1881":"n","1882":" ","1883":" ","1884":"b","1885":"a","1886":"c","1887":"k","1888":"g","1889":"r","1890":"o","1891":"u","1892":"n","1893":"d","1894":"-","1895":"c","1896":"o","1897":"l","1898":"o","1899":"r","1900":":","1901":" ","1902":"#","1903":"0","1904":"0","1905":"8","1906":"C","1907":"B","1908":"A","1909":";","1910":"\\","1911":"r","1912":"\\","1913":"n","1914":" ","1915":" ","1916":"o","1917":"u","1918":"t","1919":"l","1920":"i","1921":"n","1922":"e","1923":":","1924":" ","1925":"n","1926":"o","1927":"n","1928":"e","1929":";","1930":"\\","1931":"r","1932":"\\","1933":"n","1934":" ","1935":" ","1936":"c","1937":"o","1938":"l","1939":"o","1940":"r","1941":":","1942":" ","1943":"w","1944":"h","1945":"i","1946":"t","1947":"e","1948":";","1949":"\\","1950":"r","1951":"\\","1952":"n","1953":" ","1954":" ","1955":"p","1956":"a","1957":"d","1958":"d","1959":"i","1960":"n","1961":"g","1962":":","1963":" ","1964":"0","1965":".","1966":"3","1967":"v","1968":"w","1969":" ","1970":"1","1971":".","1972":"4","1973":"v","1974":"w","1975":";","1976":"\\","1977":"r","1978":"\\","1979":"n","1980":"\\","1981":"r","1982":"\\","1983":"n","1984":"}","1985":"\\","1986":"r","1987":"\\","1988":"n","1989":"\\","1990":"r","1991":"\\","1992":"n","1993":".","1994":"l","1995":"o","1996":"g","1997":"o","1998":"u","1999":"t","2000":"-","2001":"b","2002":"u","2003":"t","2004":"t","2005":"o","2006":"n","2007":":","2008":"h","2009":"o","2010":"v","2011":"e","2012":"r","2013":"{","2014":"\\","2015":"r","2016":"\\","2017":"n","2018":" ","2019":" ","2020":"t","2021":"e","2022":"x","2023":"t","2024":"-","2025":"d","2026":"e","2027":"c","2028":"o","2029":"r","2030":"a","2031":"t","2032":"i","2033":"o","2034":"n","2035":":","2036":" ","2037":"u","2038":"n","2039":"d","2040":"e","2041":"r","2042":"l","2043":"i","2044":"n","2045":"e","2046":";","2047":"\\","2048":"r","2049":"\\","2050":"n","2051":"}","2052":"\\","2053":"r","2054":"\\","2055":"n","2056":"\\","2057":"r","2058":"\\","2059":"n","2060":"\\","2061":"r","2062":"\\","2063":"n","2064":"<","2065":"/","2066":"s","2067":"t","2068":"y","2069":"l","2070":"e","2071":">","2072":"\\","2073":"r","2074":"\\","2075":"n","2076":"\"","2077":"]","2078":"}"},"_coverageSchema":"1a1c01bbd47fc00a2c39e90264f33305004495a9","hash":"672409ce5c3e5f2dce747fd1fe04eef70497cfd3"}
,"C:\\Users\\Lukáš\\Documents\\JavaScript\\untitled\\frontend\\src\\components\\loginComponent.vue": {"path":"C:\\Users\\Lukáš\\Documents\\JavaScript\\untitled\\frontend\\src\\components\\loginComponent.vue","statementMap":{"0":{"start":{"line":5,"column":4},"end":{"line":11,"column":6}},"1":{"start":{"line":14,"column":4},"end":{"line":14,"column":22}},"2":{"start":{"line":15,"column":4},"end":{"line":19,"column":5}},"3":{"start":{"line":16,"column":6},"end":{"line":16,"column":60}},"4":{"start":{"line":18,"column":6},"end":{"line":18,"column":23}},"5":{"start":{"line":20,"column":4},"end":{"line":20,"column":30}},"6":{"start":{"line":24,"column":6},"end":{"line":29,"column":7}},"7":{"start":{"line":24,"column":19},"end":{"line":24,"column":20}},"8":{"start":{"line":25,"column":8},"end":{"line":28,"column":9}},"9":{"start":{"line":26,"column":10},"end":{"line":26,"column":74}},"10":{"start":{"line":27,"column":10},"end":{"line":27,"column":22}},"11":{"start":{"line":30,"column":6},"end":{"line":30,"column":19}},"12":{"start":{"line":33,"column":6},"end":{"line":41,"column":7}},"13":{"start":{"line":35,"column":8},"end":{"line":35,"column":39}},"14":{"start":{"line":36,"column":8},"end":{"line":36,"column":31}},"15":{"start":{"line":40,"column":8},"end":{"line":40,"column":50}},"16":{"start":{"line":44,"column":23},"end":{"line":46,"column":7}},"17":{"start":{"line":47,"column":23},"end":{"line":53,"column":8}},"18":{"start":{"line":54,"column":6},"end":{"line":54,"column":44}},"19":{"start":{"line":55,"column":6},"end":{"line":59,"column":7}},"20":{"start":{"line":56,"column":8},"end":{"line":56,"column":44}},"21":{"start":{"line":58,"column":8},"end":{"line":58,"column":47}},"22":{"start":{"line":63,"column":0},"end":{"line":63,"column":13}},"23":{"start":{"line":65,"column":0},"end":{"line":67,"column":3}},"24":{"start":{"line":68,"column":0},"end":{"line":68,"column":24}},"25":{"start":{"line":69,"column":11},"end":{"line":69,"column":25}},"26":{"start":{"line":70,"column":19},"end":{"line":72,"column":1}},"27":{"start":{"line":73,"column":19},"end":{"line":75,"column":1}},"28":{"start":{"line":76,"column":32},"end":{"line":78,"column":42}},"29":{"start":{"line":79,"column":32},"end":{"line":81,"column":32}},"30":{"start":{"line":82,"column":32},"end":{"line":84,"column":34}},"31":{"start":{"line":85,"column":32},"end":{"line":89,"column":26}},"32":{"start":{"line":90,"column":19},"end":{"line":92,"column":1}},"33":{"start":{"line":93,"column":32},"end":{"line":95,"column":26}},"34":{"start":{"line":96,"column":32},"end":{"line":96,"column":96}},"35":{"start":{"line":99,"column":2},"end":{"line":114,"column":36}},"36":{"start":{"line":103,"column":63},"end":{"line":103,"column":82}},"37":{"start":{"line":108,"column":63},"end":{"line":108,"column":85}},"38":{"start":{"line":112,"column":52},"end":{"line":112,"column":97}},"39":{"start":{"line":115,"column":2},"end":{"line":115,"column":49}}},"fnMap":{"0":{"name":"(anonymous_0)","decl":{"start":{"line":4,"column":2},"end":{"line":4,"column":3}},"loc":{"start":{"line":4,"column":9},"end":{"line":12,"column":3}},"line":4},"1":{"name":"(anonymous_1)","decl":{"start":{"line":13,"column":2},"end":{"line":13,"column":3}},"loc":{"start":{"line":13,"column":18},"end":{"line":21,"column":3}},"line":13},"2":{"name":"(anonymous_2)","decl":{"start":{"line":23,"column":4},"end":{"line":23,"column":5}},"loc":{"start":{"line":23,"column":20},"end":{"line":31,"column":5}},"line":23},"3":{"name":"(anonymous_3)","decl":{"start":{"line":32,"column":4},"end":{"line":32,"column":5}},"loc":{"start":{"line":32,"column":24},"end":{"line":42,"column":5}},"line":32},"4":{"name":"(anonymous_4)","decl":{"start":{"line":43,"column":4},"end":{"line":43,"column":5}},"loc":{"start":{"line":43,"column":22},"end":{"line":60,"column":5}},"line":43},"5":{"name":"render","decl":{"start":{"line":98,"column":9},"end":{"line":98,"column":15}},"loc":{"start":{"line":98,"column":30},"end":{"line":115,"column":1}},"line":98},"6":{"name":"(anonymous_6)","decl":{"start":{"line":103,"column":53},"end":{"line":103,"column":54}},"loc":{"start":{"line":103,"column":63},"end":{"line":103,"column":82}},"line":103},"7":{"name":"(anonymous_7)","decl":{"start":{"line":108,"column":53},"end":{"line":108,"column":54}},"loc":{"start":{"line":108,"column":63},"end":{"line":108,"column":85}},"line":108},"8":{"name":"(anonymous_8)","decl":{"start":{"line":112,"column":39},"end":{"line":112,"column":40}},"loc":{"start":{"line":112,"column":52},"end":{"line":112,"column":97}},"line":112}},"branchMap":{"0":{"loc":{"start":{"line":25,"column":8},"end":{"line":28,"column":9}},"type":"if","locations":[{"start":{"line":25,"column":8},"end":{"line":28,"column":9}},{"start":{},"end":{}}],"line":25},"1":{"loc":{"start":{"line":25,"column":12},"end":{"line":25,"column":93}},"type":"binary-expr","locations":[{"start":{"line":25,"column":12},"end":{"line":25,"column":47}},{"start":{"line":25,"column":51},"end":{"line":25,"column":93}}],"line":25},"2":{"loc":{"start":{"line":33,"column":6},"end":{"line":41,"column":7}},"type":"if","locations":[{"start":{"line":33,"column":6},"end":{"line":41,"column":7}},{"start":{"line":39,"column":13},"end":{"line":41,"column":7}}],"line":33},"3":{"loc":{"start":{"line":55,"column":6},"end":{"line":59,"column":7}},"type":"if","locations":[{"start":{"line":55,"column":6},"end":{"line":59,"column":7}},{"start":{"line":57,"column":13},"end":{"line":59,"column":7}}],"line":55},"4":{"loc":{"start":{"line":103,"column":27},"end":{"line":103,"column":83}},"type":"binary-expr","locations":[{"start":{"line":103,"column":27},"end":{"line":103,"column":36}},{"start":{"line":103,"column":41},"end":{"line":103,"column":82}}],"line":103},"5":{"loc":{"start":{"line":108,"column":27},"end":{"line":108,"column":86}},"type":"binary-expr","locations":[{"start":{"line":108,"column":27},"end":{"line":108,"column":36}},{"start":{"line":108,"column":41},"end":{"line":108,"column":85}}],"line":108},"6":{"loc":{"start":{"line":112,"column":13},"end":{"line":112,"column":98}},"type":"binary-expr","locations":[{"start":{"line":112,"column":13},"end":{"line":112,"column":22}},{"start":{"line":112,"column":27},"end":{"line":112,"column":97}}],"line":112},"7":{"loc":{"start":{"line":112,"column":52},"end":{"line":112,"column":97}},"type":"binary-expr","locations":[{"start":{"line":112,"column":52},"end":{"line":112,"column":68}},{"start":{"line":112,"column":72},"end":{"line":112,"column":97}}],"line":112}},"s":{"0":0,"1":0,"2":0,"3":0,"4":0,"5":0,"6":0,"7":0,"8":0,"9":0,"10":0,"11":0,"12":0,"13":0,"14":0,"15":0,"16":0,"17":0,"18":0,"19":0,"20":0,"21":0,"22":0,"23":0,"24":0,"25":0,"26":0,"27":0,"28":0,"29":0,"30":0,"31":0,"32":0,"33":0,"34":0,"35":0,"36":0,"37":0,"38":0,"39":0},"f":{"0":0,"1":0,"2":0,"3":0,"4":0,"5":0,"6":0,"7":0,"8":0},"b":{"0":[0,0],"1":[0,0],"2":[0,0],"3":[0,0],"4":[0,0],"5":[0,0],"6":[0,0],"7":[0,0]},"inputSourceMap":{"0":"{","1":"\"","2":"v","3":"e","4":"r","5":"s","6":"i","7":"o","8":"n","9":"\"","10":":","11":"3","12":",","13":"\"","14":"s","15":"o","16":"u","17":"r","18":"c","19":"e","20":"s","21":"\"","22":":","23":"[","24":"\"","25":"C","26":":","27":"\\","28":"\\","29":"U","30":"s","31":"e","32":"r","33":"s","34":"\\","35":"\\","36":"L","37":"u","38":"k","39":"á","40":"š","41":"\\","42":"\\","43":"D","44":"o","45":"c","46":"u","47":"m","48":"e","49":"n","50":"t","51":"s","52":"\\","53":"\\","54":"J","55":"a","56":"v","57":"a","58":"S","59":"c","60":"r","61":"i","62":"p","63":"t","64":"\\","65":"\\","66":"u","67":"n","68":"t","69":"i","70":"t","71":"l","72":"e","73":"d","74":"\\","75":"\\","76":"f","77":"r","78":"o","79":"n","80":"t","81":"e","82":"n","83":"d","84":"\\","85":"\\","86":"s","87":"r","88":"c","89":"\\","90":"\\","91":"c","92":"o","93":"m","94":"p","95":"o","96":"n","97":"e","98":"n","99":"t","100":"s","101":"\\","102":"\\","103":"l","104":"o","105":"g","106":"i","107":"n","108":"C","109":"o","110":"m","111":"p","112":"o","113":"n","114":"e","115":"n","116":"t","117":".","118":"v","119":"u","120":"e","121":"\"","122":"]","123":",","124":"\"","125":"n","126":"a","127":"m","128":"e","129":"s","130":"\"","131":":","132":"[","133":"]","134":",","135":"\"","136":"m","137":"a","138":"p","139":"p","140":"i","141":"n","142":"g","143":"s","144":"\"","145":":","146":"\"","147":"A","148":"A","149":"u","150":"B","151":"A","152":",","153":"O","154":"A","155":"A","156":"O","157":",","158":"K","159":"A","160":"A","161":"K","162":",","163":"M","164":"A","165":"A","166":"M","167":",","168":"O","169":"A","170":"A","171":"O","172":";","173":"A","174":"A","175":"E","176":"z","177":"B","178":",","179":"e","180":"A","181":"A","182":"e","183":";","184":"E","185":"A","186":"C","187":"b","188":",","189":"I","190":"A","191":"A","192":"I","193":",","194":"E","195":"A","196":"A","197":"E","198":",","199":"g","200":"B","201":"A","202":"A","203":"g","204":"B","205":";","206":"E","207":"A","208":"E","209":"t","210":"B","211":",","212":"I","213":"A","214":"A","215":"I","216":",","217":"G","218":"A","219":"A","220":"G","221":";","222":"I","223":"A","224":"C","225":"L","226":",","227":"O","228":"A","229":"A","230":"O","231":";","232":"M","233":"A","234":"C","235":"L","236":",","237":"K","238":"A","239":"A","240":"K","241":",","242":"E","243":"A","244":"A","245":"E","246":",","247":"E","248":"A","249":"A","250":"E","251":";","252":"M","253":"A","254":"C","255":"T","256":",","257":"Q","258":"A","259":"A","260":"Q","261":",","262":"E","263":"A","264":"A","265":"E","266":",","267":"E","268":"A","269":"A","270":"E","271":";","272":"M","273":"A","274":"C","275":"Z","276":",","277":"G","278":"A","279":"A","280":"G","281":",","282":"E","283":"A","284":"A","285":"E","286":",","287":"E","288":"A","289":"A","290":"E","291":";","292":"M","293":"A","294":"C","295":"P","296":",","297":"M","298":"A","299":"A","300":"M","301":",","302":"E","303":"A","304":"A","305":"E","306":",","307":"C","308":"A","309":"A","310":"C","311":",","312":"C","313":"A","314":"A","315":"C","316":";","317":"M","318":"A","319":"C","320":"V","321":",","322":"O","323":"A","324":"A","325":"O","326":",","327":"E","328":"A","329":"A","330":"E","331":";","332":"I","333":"A","334":"G","335":"X","336":",","337":"C","338":"A","339":"A","340":"C","341":";","342":"E","343":"A","344":"C","345":"H","346":",","347":"C","348":"A","349":"A","350":"C","351":";","352":"E","353":"A","354":"E","355":"D","356":",","357":"M","358":"A","359":"A","360":"M","361":",","362":"O","363":"A","364":"A","365":"O","366":",","367":"G","368":"A","369":"A","370":"G","371":";","372":"I","373":"A","374":"E","375":"d","376":",","377":"I","378":"A","379":"A","380":"I","381":",","382":"C","383":"A","384":"A","385":"C","386":",","387":"O","388":"A","389":"A","390":"O","391":",","392":"G","393":"A","394":"A","395":"C","396":",","397":"E","398":"A","399":"A","400":"E","401":";","402":"I","403":"A","404":"C","405":"f","406":",","407":"I","408":"A","409":"A","410":"I","411":";","412":"M","413":"A","414":"C","415":"F","416":",","417":"I","418":"A","419":"A","420":"I","421":",","422":"C","423":"A","424":"A","425":"C","426":",","427":"O","428":"A","429":"A","430":"O","431":",","432":"G","433":"A","434":"A","435":"G","436":",","437":"C","438":"A","439":"A","440":"C","441":",","442":"M","443":"A","444":"A","445":"M","446":",","447":"K","448":"A","449":"A","450":"K","451":",","452":"C","453":"A","454":"A","455":"C","456":",","457":"G","458":"A","459":"A","460":"G","461":",","462":"C","463":"A","464":"A","465":"C","466":",","467":"c","468":"A","469":"A","470":"c","471":",","472":"C","473":"A","474":"A","475":"C","476":",","477":"E","478":"A","479":"A","480":"E","481":",","482":"I","483":"A","484":"A","485":"I","486":";","487":"I","488":"A","489":"C","490":"v","491":"D","492":",","493":"C","494":"A","495":"A","496":"C","497":",","498":"C","499":"A","500":"A","501":"C","502":",","503":"O","504":"A","505":"A","506":"O","507":",","508":"G","509":"A","510":"A","511":"G","512":",","513":"E","514":"A","515":"A","516":"E","517":";","518":"M","519":"A","520":"C","521":"Z","522":",","523":"O","524":"A","525":"A","526":"O","527":",","528":"C","529":"A","530":"A","531":"C","532":",","533":"G","534":"A","535":"A","536":"G","537":",","538":"C","539":"A","540":"A","541":"C","542":",","543":"G","544":"A","545":"A","546":"G","547":",","548":"C","549":"A","550":"A","551":"C","552":";","553":"I","554":"A","555":"C","556":"l","557":"B","558":";","559":"I","560":"A","561":"C","562":"A","563":",","564":"O","565":"A","566":"A","567":"O","568":",","569":"C","570":"A","571":"A","572":"C","573":",","574":"G","575":"A","576":"A","577":"G","578":",","579":"C","580":"A","581":"A","582":"C","583":",","584":"I","585":"A","586":"A","587":"I","588":",","589":"C","590":"A","591":"A","592":"C","593":",","594":"O","595":"A","596":"A","597":"O","598":",","599":"C","600":"A","601":"A","602":"C","603":";","604":"E","605":"A","606":"C","607":"3","608":"B","609":",","610":"C","611":"A","612":"A","613":"C","614":";","615":"E","616":"A","617":"E","618":"D","619":",","620":"O","621":"A","622":"A","623":"O","624":",","625":"E","626":"A","627":"A","628":"C","629":";","630":"I","631":"A","632":"E","633":"N","634":",","635":"a","636":"A","637":"A","638":"a","639":",","640":"G","641":"A","642":"A","643":"E","644":";","645":"M","646":"A","647":"C","648":"b","649":",","650":"K","651":"A","652":"A","653":"I","654":",","655":"I","656":"A","657":"A","658":"I","659":",","660":"C","661":"A","662":"A","663":"C","664":",","665":"G","666":"A","667":"A","668":"C","669":",","670":"C","671":"A","672":"A","673":"C","674":",","675":"E","676":"A","677":"A","678":"E","679":",","680":"C","681":"A","682":"A","683":"C","684":",","685":"G","686":"A","687":"A","688":"C","689":",","690":"I","691":"A","692":"A","693":"I","694":",","695":"C","696":"A","697":"A","698":"C","699":",","700":"O","701":"A","702":"A","703":"O","704":",","705":"C","706":"A","707":"A","708":"C","709":",","710":"M","711":"A","712":"A","713":"M","714":",","715":"E","716":"A","717":"A","718":"E","719":",","720":"C","721":"A","722":"A","723":"C","724":",","725":"E","726":"A","727":"A","728":"E","729":",","730":"E","731":"A","732":"A","733":"C","734":";","735":"Q","736":"A","737":"C","738":"t","739":"C","740":",","741":"I","742":"A","743":"A","744":"G","745":",","746":"I","747":"A","748":"A","749":"I","750":",","751":"C","752":"A","753":"A","754":"C","755":",","756":"O","757":"A","758":"A","759":"O","760":",","761":"C","762":"A","763":"A","764":"C","765":",","766":"C","767":"A","768":"A","769":"C","770":",","771":"C","772":"A","773":"A","774":"C","775":",","776":"C","777":"A","778":"A","779":"C","780":",","781":"I","782":"A","783":"A","784":"I","785":",","786":"K","787":"A","788":"A","789":"K","790":",","791":"I","792":"A","793":"A","794":"I","795":",","796":"C","797":"A","798":"A","799":"C","800":",","801":"K","802":"A","803":"A","804":"K","805":",","806":"I","807":"A","808":"A","809":"I","810":",","811":"I","812":"A","813":"A","814":"I","815":",","816":"C","817":"A","818":"A","819":"C","820":",","821":"O","822":"A","823":"A","824":"O","825":",","826":"C","827":"A","828":"A","829":"C","830":",","831":"C","832":"A","833":"A","834":"C","835":",","836":"C","837":"A","838":"A","839":"C","840":",","841":"C","842":"A","843":"A","844":"C","845":",","846":"Q","847":"A","848":"A","849":"Q","850":",","851":"K","852":"A","853":"A","854":"K","855":",","856":"I","857":"A","858":"A","859":"I","860":",","861":"C","862":"A","863":"A","864":"C","865":",","866":"Q","867":"A","868":"A","869":"Q","870":",","871":"E","872":"A","873":"A","874":"C","875":";","876":"U","877":"A","878":"C","879":"n","880":"F","881":",","882":"Y","883":"A","884":"A","885":"Y","886":",","887":"C","888":"A","889":"A","890":"C","891":",","892":"O","893":"A","894":"A","895":"O","896":",","897":"C","898":"A","899":"A","900":"C","901":",","902":"Q","903":"A","904":"A","905":"Q","906":",","907":"E","908":"A","909":"A","910":"E","911":",","912":"I","913":"A","914":"A","915":"I","916":",","917":"C","918":"A","919":"A","920":"C","921":",","922":"S","923":"A","924":"A","925":"S","926":",","927":"C","928":"A","929":"A","930":"C","931":",","932":"I","933":"A","934":"A","935":"I","936":",","937":"C","938":"A","939":"A","940":"C","941":",","942":"O","943":"A","944":"A","945":"O","946":",","947":"C","948":"A","949":"A","950":"C","951":",","952":"C","953":"A","954":"A","955":"C","956":",","957":"C","958":"A","959":"A","960":"C","961":",","962":"C","96
[...]
":"e","9217":"n","9218":"t","9219":")","9220":";","9221":"\\","9222":"r","9223":"\\","9224":"n","9225":"\\","9226":"r","9227":"\\","9228":"n","9229":" ","9230":" ","9231":" ","9232":" ","9233":" ","9234":" ","9235":"}","9236":"\\","9237":"r","9238":"\\","9239":"n","9240":"\\","9241":"r","9242":"\\","9243":"n","9244":" ","9245":" ","9246":" ","9247":" ","9248":"}","9249":",","9250":"\\","9251":"r","9252":"\\","9253":"n","9254":"\\","9255":"r","9256":"\\","9257":"n","9258":" ","9259":" ","9260":" ","9261":" ","9262":"a","9263":"s","9264":"y","9265":"n","9266":"c","9267":" ","9268":"d","9269":"e","9270":"p","9271":"o","9272":"s","9273":"i","9274":"t","9275":"_","9276":"m","9277":"o","9278":"n","9279":"e","9280":"y","9281":"(","9282":"m","9283":"o","9284":"n","9285":"e","9286":"y","9287":")","9288":" ","9289":"{","9290":"\\","9291":"r","9292":"\\","9293":"n","9294":"\\","9295":"r","9296":"\\","9297":"n","9298":"\\","9299":"r","9300":"\\","9301":"n","9302":" ","9303":" ","9304":" ","9305":" ","9306":" ","9307":" ","9308":"/","9309":"/","9310":"c","9311":"o","9312":"n","9313":"s","9314":"o","9315":"l","9316":"e","9317":".","9318":"l","9319":"o","9320":"g","9321":"(","9322":"t","9323":"y","9324":"p","9325":"e","9326":"o","9327":"f","9328":" ","9329":"m","9330":"o","9331":"n","9332":"e","9333":"y","9334":")","9335":";","9336":" ","9337":"/","9338":"/","9339":"n","9340":"u","9341":"m","9342":"b","9343":"e","9344":"r","9345":"\\","9346":"r","9347":"\\","9348":"n","9349":" ","9350":" ","9351":" ","9352":" ","9353":" ","9354":" ","9355":"/","9356":"/","9357":"c","9358":"o","9359":"n","9360":"s","9361":"o","9362":"l","9363":"e","9364":".","9365":"l","9366":"o","9367":"g","9368":"(","9369":"t","9370":"y","9371":"p","9372":"e","9373":"o","9374":"f","9375":" ","9376":"t","9377":"h","9378":"i","9379":"s","9380":".","9381":"a","9382":"c","9383":"t","9384":"u","9385":"a","9386":"l","9387":"_","9388":"a","9389":"c","9390":"c","9391":"o","9392":"u","9393":"n","9394":"t","9395":".","9396":"b","9397":"a","9398":"l","9399":"a","9400":"n","9401":"c","9402":"e","9403":")","9404":";","9405":" ","9406":"/","9407":"/","9408":"s","9409":"t","9410":"r","9411":"i","9412":"n","9413":"g","9414":"\\","9415":"r","9416":"\\","9417":"n","9418":" ","9419":" ","9420":" ","9421":" ","9422":" ","9423":" ","9424":"a","9425":"w","9426":"a","9427":"i","9428":"t","9429":" ","9430":"m","9431":"y","9432":"P","9433":"a","9434":"y","9435":"m","9436":"e","9437":"n","9438":"t","9439":"s","9440":"T","9441":"o","9442":"o","9443":"l","9444":"s","9445":".","9446":"d","9447":"e","9448":"p","9449":"o","9450":"s","9451":"i","9452":"t","9453":"_","9454":"m","9455":"o","9456":"n","9457":"e","9458":"y","9459":"(","9460":"m","9461":"o","9462":"n","9463":"e","9464":"y","9465":",","9466":" ","9467":"t","9468":"h","9469":"i","9470":"s","9471":".","9472":"a","9473":"c","9474":"t","9475":"u","9476":"a","9477":"l","9478":"_","9479":"a","9480":"c","9481":"c","9482":"o","9483":"u","9484":"n","9485":"t","9486":".","9487":"a","9488":"c","9489":"c","9490":"o","9491":"u","9492":"n","9493":"t","9494":"_","9495":"n","9496":"u","9497":"m","9498":"b","9499":"e","9500":"r","9501":",","9502":" ","9503":"t","9504":"h","9505":"i","9506":"s","9507":".","9508":"c","9509":"l","9510":"i","9511":"e","9512":"n","9513":"t","9514":")","9515":"\\","9516":"r","9517":"\\","9518":"n","9519":"\\","9520":"r","9521":"\\","9522":"n","9523":"\\","9524":"r","9525":"\\","9526":"n","9527":"\\","9528":"r","9529":"\\","9530":"n","9531":" ","9532":" ","9533":" ","9534":" ","9535":" ","9536":" ","9537":"l","9538":"o","9539":"c","9540":"a","9541":"t","9542":"i","9543":"o","9544":"n","9545":".","9546":"r","9547":"e","9548":"l","9549":"o","9550":"a","9551":"d","9552":"(","9553":")","9554":";","9555":"\\","9556":"r","9557":"\\","9558":"n","9559":" ","9560":" ","9561":" ","9562":" ","9563":"}","9564":"\\","9565":"r","9566":"\\","9567":"n","9568":"\\","9569":"r","9570":"\\","9571":"n","9572":"\\","9573":"r","9574":"\\","9575":"n","9576":"\\","9577":"r","9578":"\\","9579":"n","9580":"\\","9581":"r","9582":"\\","9583":"n","9584":"\\","9585":"r","9586":"\\","9587":"n","9588":"\\","9589":"r","9590":"\\","9591":"n","9592":"\\","9593":"r","9594":"\\","9595":"n","9596":" ","9597":" ","9598":"}","9599":"\\","9600":"r","9601":"\\","9602":"n","9603":"}","9604":"\\","9605":"r","9606":"\\","9607":"n","9608":"<","9609":"/","9610":"s","9611":"c","9612":"r","9613":"i","9614":"p","9615":"t","9616":">","9617":"\\","9618":"r","9619":"\\","9620":"n","9621":"\\","9622":"r","9623":"\\","9624":"n","9625":"<","9626":"s","9627":"t","9628":"y","9629":"l","9630":"e","9631":">","9632":"\\","9633":"r","9634":"\\","9635":"n","9636":"\\","9637":"r","9638":"\\","9639":"n","9640":"\\","9641":"r","9642":"\\","9643":"n","9644":".","9645":"c","9646":"o","9647":"n","9648":"t","9649":"a","9650":"i","9651":"n","9652":"e","9653":"r","9654":"{","9655":"\\","9656":"r","9657":"\\","9658":"n","9659":" ","9660":" ","9661":"h","9662":"e","9663":"i","9664":"g","9665":"h","9666":"t","9667":":","9668":" ","9669":"2","9670":"0","9671":"0","9672":"%","9673":";","9674":"\\","9675":"r","9676":"\\","9677":"n","9678":" ","9679":" ","9680":"m","9681":"i","9682":"n","9683":"-","9684":"w","9685":"i","9686":"d","9687":"t","9688":"h","9689":":","9690":" ","9691":"7","9692":"5","9693":"0","9694":"p","9695":"x","9696":";","9697":"\\","9698":"r","9699":"\\","9700":"n","9701":"\\","9702":"r","9703":"\\","9704":"n","9705":"\\","9706":"r","9707":"\\","9708":"n","9709":" ","9710":" ","9711":"m","9712":"a","9713":"r","9714":"g","9715":"i","9716":"n","9717":"-","9718":"t","9719":"o","9720":"p","9721":":","9722":" ","9723":"5","9724":"r","9725":"e","9726":"m","9727":";","9728":"\\","9729":"r","9730":"\\","9731":"n","9732":" ","9733":" ","9734":"p","9735":"a","9736":"d","9737":"d","9738":"i","9739":"n","9740":"g","9741":"-","9742":"t","9743":"o","9744":"p","9745":":","9746":" ","9747":"1","9748":"r","9749":"e","9750":"m","9751":";","9752":"\\","9753":"r","9754":"\\","9755":"n","9756":" ","9757":" ","9758":"p","9759":"a","9760":"d","9761":"d","9762":"i","9763":"n","9764":"g","9765":"-","9766":"b","9767":"o","9768":"t","9769":"t","9770":"o","9771":"m","9772":":","9773":" ","9774":"2","9775":"0","9776":"r","9777":"e","9778":"m","9779":";","9780":"\\","9781":"r","9782":"\\","9783":"n","9784":"}","9785":"\\","9786":"r","9787":"\\","9788":"n","9789":"\\","9790":"r","9791":"\\","9792":"n","9793":".","9794":"o","9795":"v","9796":"e","9797":"r","9798":"V","9799":"i","9800":"e","9801":"w","9802":"{","9803":"\\","9804":"r","9805":"\\","9806":"n","9807":" ","9808":" ","9809":"m","9810":"a","9811":"r","9812":"g","9813":"i","9814":"n","9815":"-","9816":"l","9817":"e","9818":"f","9819":"t","9820":":","9821":" ","9822":"2","9823":"%","9824":";","9825":"\\","9826":"r","9827":"\\","9828":"n","9829":" ","9830":" ","9831":"m","9832":"a","9833":"r","9834":"g","9835":"i","9836":"n","9837":"-","9838":"t","9839":"o","9840":"p","9841":":","9842":" ","9843":"1","9844":"%","9845":";","9846":"\\","9847":"r","9848":"\\","9849":"n","9850":"\\","9851":"r","9852":"\\","9853":"n","9854":" ","9855":" ","9856":"p","9857":"o","9858":"s","9859":"i","9860":"t","9861":"i","9862":"o","9863":"n","9864":":","9865":" ","9866":"c","9867":"e","9868":"n","9869":"t","9870":"e","9871":"r","9872":";","9873":"\\","9874":"r","9875":"\\","9876":"n","9877":" ","9878":" ","9879":"t","9880":"e","9881":"x","9882":"t","9883":"-","9884":"a","9885":"l","9886":"i","9887":"g","9888":"n","9889":":","9890":" ","9891":"c","9892":"e","9893":"n","9894":"t","9895":"e","9896":"r","9897":";","9898":"\\","9899":"r","9900":"\\","9901":"n","9902":" ","9903":" ","9904":"w","9905":"i","9906":"d","9907":"t","9908":"h","9909":":","9910":" ","9911":"9","9912":"6","9913":"%","9914":";","9915":"\\","9916":"r","9917":"\\","9918":"n","9919":" ","9920":" ","9921":"m","9922":"i","9923":"n","9924":"-","9925":"w","9926":"i","9927":"d","9928":"t","9929":"h","9930":":","9931":" ","9932":"5","9933":"5","9934":"0","9935":"p","9936":"x","9937":";","9938":"\\","9939":"r","9940":"\\","9941":"n","9942":" ","9943":" ","9944":"b","9945":"a","9946":"c","9947":"k","9948":"g","9949":"r","9950":"o","9951":"u","9952":"n","9953":"d","9954":":","9955":" ","9956":"#","9957":"d","9958":"8","9959":"d","9960":"c","9961":"f","9962":"f","9963":";","9964":"\\","9965":"r","9966":"\\","9967":"n","9968":" ","9969":" ","9970":"f","9971":"o","9972":"n","9973":"t","9974":"-","9975":"s","9976":"i","9977":"z","9978":"e","9979":":","9980":" ","9981":"2","9982":"0","9983":"p","9984":"x","9985":";","9986":"\\","9987":"r","9988":"\\","9989":"n","9990":" ","9991":" ","9992":"b","9993":"o","9994":"r","9995":"d","9996":"e","9997":"r","9998":"-","9999":"s","10000":"t","10001":"y","10002":"l","10003":"e","10004":":","10005":" ","10006":"s","10007":"o","10008":"l","10009":"i","10010":"d","10011":";","10012":"\\","10013":"r","10014":"\\","10015":"n","10016":" ","10017":" ","10018":"b","10019":"o","10020":"r","10021":"d","10022":"e","10023":"r","10024":"-","10025":"w","10026":"i","10027":"d","10028":"t","10029":"h","10030":":","10031":" ","10032":"3","10033":"p","10034":"x","10035":";","10036":"\\","10037":"r","10038":"\\","10039":"n","10040":"\\","10041":"r","10042":"\\","10043":"n","10044":"\\","10045":"r","10046":"\\","10047":"n","10048":"}","10049":"\\","10050":"r","10051":"\\","10052":"n","10053":".","10054":"p","10055":"r","10056":"o","10057":"f","10058":"i","10059":"l","10060":"e","10061":"-","10062":"i","10063":"n","10064":"f","10065":"o","10066":"{","10067":"\\","10068":"r","10069":"\\","10070":"n","10071":" ","10072":" ","10073":"p","10074":"a","10075":"d","10076":"d","10077":"i","10078":"n","10079":"g","10080":"-","10081":"l","10082":"e","10083":"f","10084":"t","10085":":","10086":" ","10087":"1","10088":"%","10089":";","10090":"\\","10091":"r","10092":"\\","10093":"n","10094":" ","10095":"t","10096":"e","10097":"x","10098":"t","10099":"-","10100":"a","10101":"l","10102":"i","10103":"g","10104":"n","10105":":","10106":" ","10107":"l","10108":"e","10109":"f","10110":"t","10111":";","10112":"\\","10113":"r","10114":"\\","10115":"n","10116":"}","10117":"\\","10118":"r","10119":"\\","10120":"n","10121":"\\","10122":"r","10123":"\\","10124":"n","10125":".","10126":"m","10127":"a","10128":"i","10129":"n","10130":"-","10131":"c","10132":"o","10133":"n","10134":"t","10135":"e","10136":"n","10137":"t","10138":"{","10139":"\\","10140":"r","10141":"\\","10142":"n","10143":"\\","10144":"r","10145":"\\","10146":"n","10147":" ","10148":" ","10149":"m","10150":"a","10151":"r","10152":"g","10153":"i","10154":"n","10155":"-","10156":"r","10157":"i","10158":"g","10159":"h","10160":"t","10161":":","10162":" ","10163":"a","10164":"u","10165":"t","10166":"o","10167":";","10168":"\\","10169":"r","10170":"\\","10171":"n","10172":" ","10173":" ","10174":"m","10175":"a","10176":"r","10177":"g","10178":"i","10179":"n","10180":"-","10181":"l","10182":"e","10183":"f","10184":"t","10185":":","10186":" ","10187":"a","10188":"u","10189":"t","10190":"o","10191":";","10192":"\\","10193":"r","10194":"\\","10195":"n","10196":" ","10197":" ","10198":"m","10199":"a","10200":"r","10201":"g","10202":"i","10203":"n","10204":"-","10205":"t","10206":"o","10207":"p","10208":":","10209":" ","10210":"2","10211":"r","10212":"e","10213":"m","10214":";","10215":"\\","10216":"r","10217":"\\","10218":"n","10219":" ","10220":" ","10221":"p","10222":"o","10223":"s","10224":"i","10225":"t","10226":"i","10227":"o","10228":"n","10229":":","10230":" ","10231":"c","10232":"e","10233":"n","10234":"t","10235":"e","10236":"r","10237":";","10238":"\\","10239":"r","10240":"\\","10241":"n","10242":" ","10243":" ","10244":"t","10245":"e","10246":"x","10247":"t","10248":"-","10249":"a","10250":"l","10251":"i","10252":"g","10253":"n","10254":":","10255":" ","10256":"c","10257":"e","10258":"n","10259":"t","10260":"e","10261":"r","10262":";","10263":"\\","10264":"r","10265":"\\","10266":"n","10267":" ","10268":" ","10269":"w","10270":"i","10271":"d","10272":"t","10273":"h","10274":":","10275":" ","10276":"5","10277":"0","10278":"%","10279":";","10280":"\\","10281":"r","10282":"\\","10283":"n","10284":" ","10285":" ","10286":"m","10287":"i","10288":"n","10289":"-","10290":"w","10291":"i","10292":"d","10293":"t","10294":"h","10295":":","10296":" ","10297":"5","10298":"0","10299":"0","10300":"p","10301":"x","10302":";","10303":"\\","10304":"r","10305":"\\","10306":"n","10307":" ","10308":" ","10309":"b","10310":"a","10311":"c","10312":"k","10313":"g","10314":"r","10315":"o","10316":"u","10317":"n","10318":"d","10319":":","10320":" ","10321":"r","10322":"g","10323":"b","10324":"a","10325":"(","10326":"2","10327":"5","10328":"5","10329":",","10330":" ","10331":"2","10332":"3","10333":"8","10334":",","10335":" ","10336":"1","10337":"2","10338":"8","10339":",","10340":" ","10341":"0","10342":".","10343":"8","10344":"7","10345":")","10346":";","10347":"\\","10348":"r","10349":"\\","10350":"n","10351":" ","10352":" ","10353":"f","10354":"o","10355":"n","10356":"t","10357":"-","10358":"s","10359":"i","10360":"z","10361":"e","10362":":","10363":" ","10364":"2","10365":"0","10366":"p","10367":"x","10368":";","10369":"\\","10370":"r","10371":"\\","10372":"n","10373":" ","10374":" ","10375":"b","10376":"o","10377":"r","10378":"d","10379":"e","10380":"r","10381":"-","10382":"s","10383":"t","10384":"y","10385":"l","10386":"e","10387":":","10388":" ","10389":"s","10390":"o","10391":"l","10392":"i","10393":"d","10394":";","10395":"\\","10396":"r","10397":"\\","10398":"n","10399":" ","10400":" ","10401":"b","10402":"o","10403":"r","10404":"d","10405":"e","10406":"r","10407":"-","10408":"w","10409":"i","10410":"d","10411":"t","10412":"h","10413":":","10414":" ","10415":"3","10416":"p","10417":"x","10418":";","10419":"\\","10420":"r","10421":"\\","10422":"n","10423":" ","10424":" ","10425":"b","10426":"o","10427":"r","10428":"d","10429":"e","10430":"r","10431":"-","10432":"r","10433":"a","10434":"d","10435":"i","10436":"u","10437":"s","10438":":","10439":" ","10440":"1","10441":"e","10442":"m","10443":";","10444":"\\","10445":"r","10446":"\\","10447":"n","10448":" ","10449":" ","10450":"p","10451":"a","10452":"d","10453":"d","10454":"i","10455":"n","10456":"g","10457":"-","10458":"l","10459":"e","10460":"f","10461":"t","10462":":","10463":" ","10464":"2","10465":"e","10466":"m","10467":";","10468":"\\","10469":"r","10470":"\\","10471":"n","10472":" ","10473":" ","10474":"p","10475":"a","10476":"d","10477":"d","10478":"i","10479":"n","10480":"g","10481":"-","10482":"r","10483":"i","10484":"g","10485":"h","10486":"t","10487":":","10488":" ","10489":"2","10490":"e","10491":"m","10492":";","10493":"\\","10494":"r","10495":"\\","10496":"n","10497":" ","10498":" ","10499":"p","10500":"a","10501":"d","10502":"d","10503":"i","10504":"n","10505":"g","10506":"-","10507":"t","10508":"o","10509":"p","10510":":","10511":" ","10512":"-","10513":"1","10514":"e","10515":"m","10516":";","10517":"\\","10518":"r","10519":"\\","10520":"n","10521":"}","10522":"\\","10523":"r","10524":"\\","10525":"n","10526":"\\","10527":"r","10528":"\\","10529":"n","10530":".","10531":"b","10532":"t","10533":"n","10534":"{","10535":"\\","10536":"r","10537":"\\","10538":"n","10539":" ","10540":" ","10541":"m","10542":"a","10543":"r","10544":"g","10545":"i","10546":"n","10547":"-","10548":"b","10549":"o","10550":"t","10551":"t","10552":"o","10553":"m","10554":":","10555":" ","10556":"1","10557":"%","10558":";","10559":"\\","10560":"r","10561":"\\","10562":"n","10563":" ","10564":" ","10565":"b","10566":"a","10567":"c","10568":"k","10569":"g","10570":"r","10571":"o","10572":"u","10573":"n","10574":"d","10575":"-","10576":"c","10577":"o","10578":"l","10579":"o","10580":"r","10581":":","10582":" ","10583":"#","10584":"4","10585":"C","10586":"A","10587":"F","10588":"5","10589":"0","10590":";","10591":" ","10592":"/","10593":"*","10594":" ","10595":"G","10596":"r","10597":"e","10598":"e","10599":"n","10600":" ","10601":"*","10602":"/","10603":"\\","10604":"r","10605":"\\","10606":"n","10607":" ","10608":" ","10609":"c","10610":"o","10611":"l","10612":"o","10613":"r","10614":":","10615":" ","10616":"w","10617":"h","10618":"i","10619":"t","10620":"e","10621":";","10622":"\\","10623":"r","10624":"\\","10625":"n","10626":" ","10627":" ","10628":"p","10629":"a","10630":"d","10631":"d","10632":"i","10633":"n","10634":"g","10635":":","10636":" ","10637":"8","10638":"p","10639":"x","10640":" ","10641":"1","10642":"6","10643":"p","10644":"x","10645":";","10646":"\\","10647":"r","10648":"\\","10649":"n","10650":" ","10651":" ","10652":"t","10653":"e","10654":"x","10655":"t","10656":"-","10657":"a","10658":"l","10659":"i","10660":"g","10661":"n","10662":":","10663":" ","10664":"c","10665":"e","10666":"n","10667":"t","10668":"e","10669":"r","10670":";","10671":"\\","10672":"r","10673":"\\","10674":"n","10675":" ","10676":" ","10677":"t","10678":"e","10679":"x","10680":"t","10681":"-","10682":"d","10683":"e","10684":"c","10685":"o","10686":"r","10687":"a","10688":"t","10689":"i","10690":"o","10691":"n","10692":":","10693":" ","10694":"n","10695":"o","10696":"n","10697":"e","10698":";","10699":"\\","10700":"r","10701":"\\","10702":"n","10703":" ","10704":" ","10705":"d","10706":"i","10707":"s","10708":"p","10709":"l","10710":"a","10711":"y","10712":":","10713":" ","10714":"i","10715":"n","10716":"l","10717":"i","10718":"n","10719":"e","10720":"-","10721":"b","10722":"l","10723":"o","10724":"c","10725":"k","10726":";","10727":"\\","10728":"r","10729":"\\","10730":"n","10731":" ","10732":" ","10733":"b","10734":"o","10735":"r","10736":"d","10737":"e","10738":"r","10739":":","10740":" ","10741":"2","10742":"p","10743":"x","10744":" ","10745":"s","10746":"o","10747":"l","10748":"i","10749":"d","10750":" ","10751":"b","10752":"l","10753":"a","10754":"c","10755":"k","10756":";","10757":"\\","10758":"r","10759":"\\","10760":"n","10761":" ","10762":" ","10763":"f","10764":"o","10765":"n","10766":"t","10767":"-","10768":"s","10769":"i","10770":"z","10771":"e","10772":":","10773":" ","10774":"1","10775":"8","10776":"p","10777":"x","10778":";","10779":"\\","10780":"r","10781":"\\","10782":"n","10783":"}","10784":"\\","10785":"r","10786":"\\","10787":"n","10788":"\\","10789":"r","10790":"\\","10791":"n","10792":".","10793":"c","10794":"l","10795":"o","10796":"s","10797":"e","10798":"-","10799":"b","10800":"t","10801":"n","10802":"{","10803":"\\","10804":"r","10805":"\\","10806":"n","10807":" ","10808":" ","10809":"f","10810":"l","10811":"o","10812":"a","10813":"t","10814":":","10815":" ","10816":"r","10817":"i","10818":"g","10819":"h","10820":"t","10821":";","10822":"\\","10823":"r","10824":"\\","10825":"n","10826":" ","10827":" ","10828":"m","10829":"a","10830":"r","10831":"g","10832":"i","10833":"n","10834":"-","10835":"r","10836":"i","10837":"g","10838":"h","10839":"t","10840":":","10841":" ","10842":"3","10843":"%","10844":";","10845":"\\","10846":"r","10847":"\\","10848":"n","10849":" ","10850":" ","10851":"b","10852":"a","10853":"c","10854":"k","10855":"g","10856":"r","10857":"o","10858":"u","10859":"n","10860":"d","10861":"-","10862":"c","10863":"o","10864":"l","10865":"o","10866":"r","10867":":","10868":" ","10869":"r","10870":"e","10871":"d","10872":";","10873":"\\","10874":"r","10875":"\\","10876":"n","10877":" ","10878":" ","10879":"f","10880":"o","10881":"n","10882":"t","10883":"-","10884":"s","10885":"i","10886":"z","10887":"e","10888":":","10889":" ","10890":"2","10891":"5","10892":"p","10893":"x","10894":";","10895":"\\","10896":"r","10897":"\\","10898":"n","10899":"\\","10900":"r","10901":"\\","10902":"n","10903":"}","10904":"\\","10905":"r","10906":"\\","10907":"n","10908":"\\","10909":"r","10910":"\\","10911":"n","10912":"\\","10913":"r","10914":"\\","10915":"n","10916":"<","10917":"/","10918":"s","10919":"t","10920":"y","10921":"l","10922":"e","10923":">","10924":"\\","10925":"r","10926":"\\","10927":"n","10928":"\"","10929":"]","10930":"}"}}
}
