{"C:\\Users\\Lukáš\\Documents\\JavaScript\\stinBankZaloha\\frontend\\src\\main.js": {"path":"C:\\Users\\Lukáš\\Documents\\JavaScript\\stinBankZaloha\\frontend\\src\\main.js","statementMap":{"0":{"start":{"line":6,"column":0},"end":{"line":6,"column":32}},"1":{"start":{"line":9,"column":0},"end":{"line":9,"column":28}},"2":{"start":{"line":11,"column":0},"end":{"line":14,"column":17}},"3":{"start":{"line":13,"column":15},"end":{"line":13,"column":21}}},"fnMap":{"0":{"name":"(anonymous_0)","decl":{"start":{"line":13,"column":10},"end":{"line":13,"column":11}},"loc":{"start":{"line":13,"column":15},"end":{"line":13,"column":21}},"line":13}},"branchMap":{},"s":{"0":0,"1":0,"2":0,"3":0},"f":{"0":0},"b":{}}
,"C:\\Users\\Lukáš\\Documents\\JavaScript\\stinBankZaloha\\frontend\\src\\paymentsTools.js": {"path":"C:\\Users\\Lukáš\\Documents\\JavaScript\\stinBankZaloha\\frontend\\src\\paymentsTools.js","statementMap":{"0":{"start":{"line":4,"column":21},"end":{"line":4,"column":23}},"1":{"start":{"line":7,"column":0},"end":{"line":17,"column":1}},"2":{"start":{"line":9,"column":8},"end":{"line":15,"column":9}},"3":{"start":{"line":9,"column":21},"end":{"line":9,"column":22}},"4":{"start":{"line":10,"column":12},"end":{"line":14,"column":13}},"5":{"start":{"line":10,"column":25},"end":{"line":10,"column":26}},"6":{"start":{"line":11,"column":16},"end":{"line":13,"column":17}},"7":{"start":{"line":12,"column":20},"end":{"line":12,"column":32}},"8":{"start":{"line":16,"column":8},"end":{"line":16,"column":21}},"9":{"start":{"line":19,"column":0},"end":{"line":19,"column":30}}},"fnMap":{"0":{"name":"(anonymous_0)","decl":{"start":{"line":7,"column":30},"end":{"line":7,"column":31}},"loc":{"start":{"line":7,"column":63},"end":{"line":17,"column":1}},"line":7}},"branchMap":{"0":{"loc":{"start":{"line":11,"column":16},"end":{"line":13,"column":17}},"type":"if","locations":[{"start":{"line":11,"column":16},"end":{"line":13,"column":17}},{"start":{},"end":{}}],"line":11}},"s":{"0":1,"1":1,"2":2,"3":2,"4":2,"5":2,"6":3,"7":1,"8":1,"9":1},"f":{"0":2},"b":{"0":[1,2]},"_coverageSchema":"1a1c01bbd47fc00a2c39e90264f33305004495a9","hash":"4aed9e232cc2d81e46ff60265e6b481aef2419f1"}
,"C:\\Users\\Lukáš\\Documents\\JavaScript\\stinBankZaloha\\frontend\\src\\router\\index.js": {"path":"C:\\Users\\Lukáš\\Documents\\JavaScript\\stinBankZaloha\\frontend\\src\\router\\index.js","statementMap":{"0":{"start":{"line":8,"column":0},"end":{"line":8,"column":19}},"1":{"start":{"line":10,"column":22},"end":{"line":21,"column":1}},"2":{"start":{"line":23,"column":22},"end":{"line":28,"column":2}}},"fnMap":{},"branchMap":{},"s":{"0":0,"1":0,"2":0},"f":{},"b":{}}
,"C:\\Users\\Lukáš\\Documents\\JavaScript\\stinBankZaloha\\frontend\\src\\store\\script.js": {"path":"C:\\Users\\Lukáš\\Documents\\JavaScript\\stinBankZaloha\\frontend\\src\\store\\script.js","statementMap":{"0":{"start":{"line":3,"column":4},"end":{"line":3,"column":15}},"1":{"start":{"line":6,"column":0},"end":{"line":6,"column":18}}},"fnMap":{"0":{"name":"add","decl":{"start":{"line":2,"column":9},"end":{"line":2,"column":12}},"loc":{"start":{"line":2,"column":18},"end":{"line":4,"column":1}},"line":2}},"branchMap":{},"s":{"0":3,"1":1},"f":{"0":3},"b":{},"_coverageSchema":"1a1c01bbd47fc00a2c39e90264f33305004495a9","hash":"44a4dcb35680957db8c0038876703625521f0707"}
,"C:\\Users\\Lukáš\\Documents\\JavaScript\\stinBankZaloha\\frontend\\src\\store\\store.js": {"path":"C:\\Users\\Lukáš\\Documents\\JavaScript\\stinBankZaloha\\frontend\\src\\store\\store.js","statementMap":{"0":{"start":{"line":8,"column":0},"end":{"line":8,"column":14}}},"fnMap":{},"branchMap":{"0":{"loc":{"start":{"line":13,"column":16},"end":{"line":13,"column":61}},"type":"binary-expr","locations":[{"start":{"line":13,"column":16},"end":{"line":13,"column":55}},{"start":{"line":13,"column":59},"end":{"line":13,"column":61}}],"line":13},"1":{"loc":{"start":{"line":13,"column":27},"end":{"line":13,"column":54}},"type":"binary-expr","locations":[{"start":{"line":13,"column":27},"end":{"line":13,"column":46}},{"start":{"line":13,"column":50},"end":{"line":13,"column":54}}],"line":13}},"s":{"0":0},"f":{},"b":{"0":[0,0],"1":[0,0]}}
}
