TN:
SF:src\components\betweenComponent.vue
FN:93,render
FN:98,(anonymous_1)
FN:102,(anonymous_2)
FNF:3
FNH:0
FNDA:0,render
FNDA:0,(anonymous_1)
FNDA:0,(anonymous_2)
DA:4,0
DA:7,0
DA:12,0
DA:55,0
DA:57,0
DA:60,0
DA:61,0
DA:62,0
DA:65,0
DA:68,0
DA:71,0
DA:74,0
DA:77,0
DA:82,0
DA:85,0
DA:88,0
DA:91,0
DA:94,0
DA:98,0
DA:102,0
DA:105,0
LF:21
LH:0
BRDA:98,0,0,0
BRDA:98,0,1,0
BRDA:102,1,0,0
BRDA:102,1,1,0
BRDA:102,2,0,0
BRDA:102,2,1,0
BRF:6
BRH:0
end_of_record
TN:
SF:src\components\headerPage.vue
FN:45,render
FN:48,(anonymous_1)
FNF:2
FNH:2
FNDA:2,render
FNDA:1,(anonymous_1)
DA:4,1
DA:5,1
DA:8,1
DA:27,1
DA:29,1
DA:32,1
DA:33,1
DA:34,1
DA:37,1
DA:40,1
DA:43,1
DA:46,2
DA:48,1
DA:50,1
LF:14
LH:14
BRDA:48,0,0,2
BRDA:48,0,1,2
BRDA:48,1,0,1
BRDA:48,1,1,1
BRF:4
BRH:4
end_of_record
TN:
SF:src\components\loginComponent.vue
FN:4,(anonymous_0)
FN:13,(anonymous_1)
FN:23,(anonymous_2)
FN:32,(anonymous_3)
FN:43,(anonymous_4)
FN:98,render
FN:103,(anonymous_6)
FN:108,(anonymous_7)
FN:112,(anonymous_8)
FNF:9
FNH:0
FNDA:0,(anonymous_0)
FNDA:0,(anonymous_1)
FNDA:0,(anonymous_2)
FNDA:0,(anonymous_3)
FNDA:0,(anonymous_4)
FNDA:0,render
FNDA:0,(anonymous_6)
FNDA:0,(anonymous_7)
FNDA:0,(anonymous_8)
DA:5,0
DA:14,0
DA:15,0
DA:16,0
DA:18,0
DA:20,0
DA:24,0
DA:25,0
DA:26,0
DA:27,0
DA:30,0
DA:33,0
DA:35,0
DA:36,0
DA:40,0
DA:44,0
DA:47,0
DA:54,0
DA:55,0
DA:56,0
DA:58,0
DA:63,0
DA:65,0
DA:68,0
DA:69,0
DA:70,0
DA:73,0
DA:76,0
DA:79,0
DA:82,0
DA:85,0
DA:90,0
DA:93,0
DA:96,0
DA:99,0
DA:103,0
DA:108,0
DA:112,0
DA:115,0
LF:39
LH:0
BRDA:25,0,0,0
BRDA:25,0,1,0
BRDA:25,1,0,0
BRDA:25,1,1,0
BRDA:33,2,0,0
BRDA:33,2,1,0
BRDA:55,3,0,0
BRDA:55,3,1,0
BRDA:103,4,0,0
BRDA:103,4,1,0
BRDA:108,5,0,0
BRDA:108,5,1,0
BRDA:112,6,0,0
BRDA:112,6,1,0
BRDA:112,7,0,0
BRDA:112,7,1,0
BRF:16
BRH:0
end_of_record
TN:
SF:src\components\overviewComponent.vue
FN:21,(anonymous_0)
FN:37,(anonymous_1)
FN:55,(anonymous_2)
FN:58,(anonymous_3)
FN:61,(anonymous_4)
FN:68,(anonymous_5)
FN:72,(anonymous_6)
FN:76,(anonymous_7)
FN:95,(anonymous_8)
FN:156,render
FN:163,(anonymous_10)
FN:165,(anonymous_11)
FN:169,(anonymous_12)
FN:172,(anonymous_13)
FN:175,(anonymous_14)
FN:176,(anonymous_15)
FN:181,(anonymous_16)
FN:185,(anonymous_17)
FN:190,(anonymous_18)
FN:191,(anonymous_19)
FN:198,(anonymous_20)
FN:204,(anonymous_21)
FN:208,(anonymous_22)
FN:211,(anonymous_23)
FN:212,(anonymous_24)
FNF:25
FNH:0
FNDA:0,(anonymous_0)
FNDA:0,(anonymous_1)
FNDA:0,(anonymous_2)
FNDA:0,(anonymous_3)
FNDA:0,(anonymous_4)
FNDA:0,(anonymous_5)
FNDA:0,(anonymous_6)
FNDA:0,(anonymous_7)
FNDA:0,(anonymous_8)
FNDA:0,render
FNDA:0,(anonymous_10)
FNDA:0,(anonymous_11)
FNDA:0,(anonymous_12)
FNDA:0,(anonymous_13)
FNDA:0,(anonymous_14)
FNDA:0,(anonymous_15)
FNDA:0,(anonymous_16)
FNDA:0,(anonymous_17)
FNDA:0,(anonymous_18)
FNDA:0,(anonymous_19)
FNDA:0,(anonymous_20)
FNDA:0,(anonymous_21)
FNDA:0,(anonymous_22)
FNDA:0,(anonymous_23)
FNDA:0,(anonymous_24)
DA:9,0
DA:10,0
DA:11,0
DA:12,0
DA:13,0
DA:22,0
DA:38,0
DA:39,0
DA:40,0
DA:42,0
DA:44,0
DA:45,0
DA:46,0
DA:47,0
DA:49,0
DA:50,0
DA:51,0
DA:52,0
DA:56,0
DA:59,0
DA:62,0
DA:63,0
DA:64,0
DA:65,0
DA:69,0
DA:70,0
DA:73,0
DA:74,0
DA:77,0
DA:78,0
DA:83,0
DA:84,0
DA:92,0
DA:98,0
DA:99,0
DA:103,0
DA:105,0
DA:108,0
DA:109,0
DA:110,0
DA:113,0
DA:116,0
DA:121,0
DA:124,0
DA:128,0
DA:129,0
DA:133,0
DA:134,0
DA:137,0
DA:138,0
DA:143,0
DA:148,0
DA:151,0
DA:152,0
DA:153,0
DA:154,0
DA:157,0
DA:158,0
DA:163,0
DA:165,0
DA:169,0
DA:172,0
DA:175,0
DA:177,0
DA:181,0
DA:185,0
DA:190,0
DA:192,0
DA:198,0
DA:204,0
DA:208,0
DA:211,0
DA:213,0
DA:217,0
LF:74
LH:0
BRDA:12,0,0,0
BRDA:12,0,1,0
BRDA:62,1,0,0
BRDA:62,1,1,0
BRDA:64,2,0,0
BRDA:64,2,1,0
BRDA:77,3,0,0
BRDA:77,3,1,0
BRDA:77,4,0,0
BRDA:77,4,1,0
BRDA:163,5,0,0
BRDA:163,5,1,0
BRDA:165,6,0,0
BRDA:165,6,1,0
BRDA:169,7,0,0
BRDA:169,7,1,0
BRDA:169,8,0,0
BRDA:169,8,1,0
BRDA:172,9,0,0
BRDA:172,9,1,0
BRDA:172,10,0,0
BRDA:172,10,1,0
BRDA:173,11,0,0
BRDA:173,11,1,0
BRDA:175,12,0,0
BRDA:175,12,1,0
BRDA:183,13,0,0
BRDA:183,13,1,0
BRDA:185,14,0,0
BRDA:185,14,1,0
BRDA:190,15,0,0
BRDA:190,15,1,0
BRDA:198,16,0,0
BRDA:198,16,1,0
BRDA:204,17,0,0
BRDA:204,17,1,0
BRDA:208,18,0,0
BRDA:208,18,1,0
BRDA:211,19,0,0
BRDA:211,19,1,0
BRF:40
BRH:0
end_of_record
