{"C:\\Users\\Lukáš\\Documents\\JavaScript\\stinBankZaloha\\frontend\\src\\store\\script.js": {"path":"C:\\Users\\Lukáš\\Documents\\JavaScript\\stinBankZaloha\\frontend\\src\\store\\script.js","statementMap":{"0":{"start":{"line":3,"column":4},"end":{"line":3,"column":15}},"1":{"start":{"line":6,"column":0},"end":{"line":6,"column":18}}},"fnMap":{"0":{"name":"add","decl":{"start":{"line":2,"column":9},"end":{"line":2,"column":12}},"loc":{"start":{"line":2,"column":18},"end":{"line":4,"column":1}},"line":2}},"branchMap":{},"s":{"0":3,"1":1},"f":{"0":3},"b":{},"_coverageSchema":"1a1c01bbd47fc00a2c39e90264f33305004495a9","hash":"44a4dcb35680957db8c0038876703625521f0707"}
}
