{"C:\\Users\\Lukáš\\Documents\\JavaScript\\untitled\\server\\routes\\api\\clientRoutes.js": {"path":"C:\\Users\\Lukáš\\Documents\\JavaScript\\untitled\\server\\routes\\api\\clientRoutes.js","statementMap":{"0":{"start":{"line":1,"column":16},"end":{"line":1,"column":34}},"1":{"start":{"line":2,"column":15},"end":{"line":2,"column":45}},"2":{"start":{"line":4,"column":21},"end":{"line":4,"column":29}},"3":{"start":{"line":6,"column":0},"end":{"line":17,"column":2}},"4":{"start":{"line":8,"column":4},"end":{"line":14,"column":5}},"5":{"start":{"line":9,"column":24},"end":{"line":9,"column":43}},"6":{"start":{"line":10,"column":8},"end":{"line":10,"column":69}},"7":{"start":{"line":10,"column":40},"end":{"line":10,"column":69}},"8":{"start":{"line":11,"column":8},"end":{"line":11,"column":37}},"9":{"start":{"line":13,"column":8},"end":{"line":13,"column":56}},"10":{"start":{"line":32,"column":0},"end":{"line":45,"column":2}},"11":{"start":{"line":34,"column":19},"end":{"line":34,"column":29}},"12":{"start":{"line":36,"column":4},"end":{"line":43,"column":5}},"13":{"start":{"line":37,"column":25},"end":{"line":37,"column":69}},"14":{"start":{"line":38,"column":8},"end":{"line":38,"column":59}},"15":{"start":{"line":38,"column":23},"end":{"line":38,"column":59}},"16":{"start":{"line":39,"column":24},"end":{"line":39,"column":52}},"17":{"start":{"line":40,"column":8},"end":{"line":40,"column":37}},"18":{"start":{"line":42,"column":8},"end":{"line":42,"column":56}},"19":{"start":{"line":62,"column":0},"end":{"line":62,"column":30}}},"fnMap":{"0":{"name":"(anonymous_0)","decl":{"start":{"line":6,"column":22},"end":{"line":6,"column":23}},"loc":{"start":{"line":6,"column":42},"end":{"line":17,"column":1}},"line":6},"1":{"name":"(anonymous_1)","decl":{"start":{"line":32,"column":25},"end":{"line":32,"column":26}},"loc":{"start":{"line":32,"column":45},"end":{"line":45,"column":1}},"line":32}},"branchMap":{"0":{"loc":{"start":{"line":10,"column":8},"end":{"line":10,"column":69}},"type":"if","locations":[{"start":{"line":10,"column":8},"end":{"line":10,"column":69}},{"start":{},"end":{}}],"line":10},"1":{"loc":{"start":{"line":10,"column":12},"end":{"line":10,"column":38}},"type":"binary-expr","locations":[{"start":{"line":10,"column":12},"end":{"line":10,"column":20}},{"start":{"line":10,"column":24},"end":{"line":10,"column":38}}],"line":10},"2":{"loc":{"start":{"line":38,"column":8},"end":{"line":38,"column":59}},"type":"if","locations":[{"start":{"line":38,"column":8},"end":{"line":38,"column":59}},{"start":{},"end":{}}],"line":38}},"s":{"0":1,"1":1,"2":1,"3":1,"4":2,"5":2,"6":2,"7":1,"8":1,"9":1,"10":1,"11":2,"12":2,"13":2,"14":1,"15":0,"16":1,"17":1,"18":1,"19":1},"f":{"0":2,"1":2},"b":{"0":[1,1],"1":[2,2],"2":[0,1]},"_coverageSchema":"1a1c01bbd47fc00a2c39e90264f33305004495a9","hash":"ab3c3596d3590c5af402943d41f8b1b07dca15c6"}
,"C:\\Users\\Lukáš\\Documents\\JavaScript\\untitled\\server\\routes\\api\\sendMailRouter.js": {"path":"C:\\Users\\Lukáš\\Documents\\JavaScript\\untitled\\server\\routes\\api\\sendMailRouter.js","statementMap":{"0":{"start":{"line":1,"column":16},"end":{"line":1,"column":34}},"1":{"start":{"line":2,"column":19},"end":{"line":2,"column":40}},"2":{"start":{"line":3,"column":15},"end":{"line":3,"column":45}},"3":{"start":{"line":4,"column":23},"end":{"line":4,"column":31}},"4":{"start":{"line":6,"column":24},"end":{"line":6,"column":62}},"5":{"start":{"line":9,"column":0},"end":{"line":12,"column":2}},"6":{"start":{"line":15,"column":0},"end":{"line":55,"column":3}},"7":{"start":{"line":16,"column":17},"end":{"line":16,"column":25}},"8":{"start":{"line":19,"column":24},"end":{"line":28,"column":6}},"9":{"start":{"line":30,"column":15},"end":{"line":30,"column":48}},"10":{"start":{"line":32,"column":24},"end":{"line":39,"column":5}},"11":{"start":{"line":41,"column":4},"end":{"line":52,"column":7}},"12":{"start":{"line":42,"column":8},"end":{"line":51,"column":9}},"13":{"start":{"line":43,"column":12},"end":{"line":43,"column":31}},"14":{"start":{"line":44,"column":12},"end":{"line":44,"column":40}},"15":{"start":{"line":46,"column":12},"end":{"line":46,"column":72}},"16":{"start":{"line":47,"column":12},"end":{"line":47,"column":64}},"17":{"start":{"line":48,"column":27},"end":{"line":48,"column":68}},"18":{"start":{"line":49,"column":12},"end":{"line":49,"column":36}},"19":{"start":{"line":50,"column":12},"end":{"line":50,"column":70}},"20":{"start":{"line":54,"column":4},"end":{"line":54,"column":21}},"21":{"start":{"line":57,"column":0},"end":{"line":57,"column":32}}},"fnMap":{"0":{"name":"(anonymous_0)","decl":{"start":{"line":9,"column":24},"end":{"line":9,"column":25}},"loc":{"start":{"line":9,"column":38},"end":{"line":12,"column":1}},"line":9},"1":{"name":"(anonymous_1)","decl":{"start":{"line":15,"column":25},"end":{"line":15,"column":26}},"loc":{"start":{"line":15,"column":45},"end":{"line":55,"column":1}},"line":15},"2":{"name":"(anonymous_2)","decl":{"start":{"line":41,"column":44},"end":{"line":41,"column":45}},"loc":{"start":{"line":41,"column":67},"end":{"line":52,"column":5}},"line":41}},"branchMap":{"0":{"loc":{"start":{"line":42,"column":8},"end":{"line":51,"column":9}},"type":"if","locations":[{"start":{"line":42,"column":8},"end":{"line":51,"column":9}},{"start":{"line":45,"column":15},"end":{"line":51,"column":9}}],"line":42}},"s":{"0":0,"1":0,"2":0,"3":0,"4":0,"5":0,"6":0,"7":0,"8":0,"9":0,"10":0,"11":0,"12":0,"13":0,"14":0,"15":0,"16":0,"17":0,"18":0,"19":0,"20":0,"21":0},"f":{"0":0,"1":0,"2":0},"b":{"0":[0,0]}}
,"C:\\Users\\Lukáš\\Documents\\JavaScript\\untitled\\server\\scripts\\downloadFile.js": {"path":"C:\\Users\\Lukáš\\Documents\\JavaScript\\untitled\\server\\scripts\\downloadFile.js","statementMap":{"0":{"start":{"line":1,"column":14},"end":{"line":1,"column":30}},"1":{"start":{"line":2,"column":11},"end":{"line":2,"column":24}},"2":{"start":{"line":4,"column":21},"end":{"line":4,"column":23}},"3":{"start":{"line":8,"column":0},"end":{"line":34,"column":1}},"4":{"start":{"line":9,"column":19},"end":{"line":9,"column":36}},"5":{"start":{"line":10,"column":24},"end":{"line":10,"column":44}},"6":{"start":{"line":11,"column":4},"end":{"line":30,"column":7}},"7":{"start":{"line":12,"column":19},"end":{"line":12,"column":21}},"8":{"start":{"line":14,"column":8},"end":{"line":16,"column":11}},"9":{"start":{"line":15,"column":12},"end":{"line":15,"column":26}},"10":{"start":{"line":19,"column":8},"end":{"line":27,"column":11}},"11":{"start":{"line":20,"column":12},"end":{"line":26,"column":15}},"12":{"start":{"line":21,"column":16},"end":{"line":24,"column":17}},"13":{"start":{"line":22,"column":20},"end":{"line":22,"column":41}},"14":{"start":{"line":23,"column":20},"end":{"line":23,"column":35}},"15":{"start":{"line":25,"column":16},"end":{"line":25,"column":72}},"16":{"start":{"line":29,"column":8},"end":{"line":29,"column":45}},"17":{"start":{"line":36,"column":0},"end":{"line":36,"column":30}}},"fnMap":{"0":{"name":"(anonymous_0)","decl":{"start":{"line":8,"column":35},"end":{"line":8,"column":36}},"loc":{"start":{"line":8,"column":44},"end":{"line":34,"column":1}},"line":8},"1":{"name":"(anonymous_1)","decl":{"start":{"line":11,"column":20},"end":{"line":11,"column":21}},"loc":{"start":{"line":11,"column":34},"end":{"line":28,"column":5}},"line":11},"2":{"name":"(anonymous_2)","decl":{"start":{"line":14,"column":28},"end":{"line":14,"column":29}},"loc":{"start":{"line":14,"column":39},"end":{"line":16,"column":9}},"line":14},"3":{"name":"(anonymous_3)","decl":{"start":{"line":19,"column":28},"end":{"line":19,"column":29}},"loc":{"start":{"line":19,"column":34},"end":{"line":27,"column":9}},"line":19},"4":{"name":"(anonymous_4)","decl":{"start":{"line":20,"column":41},"end":{"line":20,"column":42}},"loc":{"start":{"line":20,"column":50},"end":{"line":26,"column":13}},"line":20},"5":{"name":"(anonymous_5)","decl":{"start":{"line":28,"column":19},"end":{"line":28,"column":20}},"loc":{"start":{"line":28,"column":28},"end":{"line":30,"column":5}},"line":28}},"branchMap":{"0":{"loc":{"start":{"line":21,"column":16},"end":{"line":24,"column":17}},"type":"if","locations":[{"start":{"line":21,"column":16},"end":{"line":24,"column":17}},{"start":{},"end":{}}],"line":21}},"s":{"0":1,"1":1,"2":1,"3":1,"4":3,"5":3,"6":3,"7":3,"8":3,"9":7,"10":3,"11":3,"12":3,"13":1,"14":1,"15":2,"16":0,"17":1},"f":{"0":3,"1":3,"2":7,"3":3,"4":3,"5":0},"b":{"0":[1,2]},"_coverageSchema":"1a1c01bbd47fc00a2c39e90264f33305004495a9","hash":"7b6335ba9c3dbcb8b3e5d66cc8b2cf96767404fa"}
,"C:\\Users\\Lukáš\\Documents\\JavaScript\\untitled\\server\\scripts\\paymentsTools.js": {"path":"C:\\Users\\Lukáš\\Documents\\JavaScript\\untitled\\server\\scripts\\paymentsTools.js","statementMap":{"0":{"start":{"line":2,"column":14},"end":{"line":2,"column":30}},"1":{"start":{"line":7,"column":22},"end":{"line":7,"column":24}},"2":{"start":{"line":9,"column":0},"end":{"line":17,"column":1}},"3":{"start":{"line":10,"column":22},"end":{"line":10,"column":24}},"4":{"start":{"line":11,"column":4},"end":{"line":15,"column":5}},"5":{"start":{"line":12,"column":8},"end":{"line":12,"column":94}},"6":{"start":{"line":14,"column":8},"end":{"line":14,"column":25}},"7":{"start":{"line":16,"column":4},"end":{"line":16,"column":23}},"8":{"start":{"line":19,"column":0},"end":{"line":29,"column":1}},"9":{"start":{"line":21,"column":4},"end":{"line":27,"column":5}},"10":{"start":{"line":21,"column":17},"end":{"line":21,"column":18}},"11":{"start":{"line":22,"column":8},"end":{"line":26,"column":9}},"12":{"start":{"line":22,"column":21},"end":{"line":22,"column":22}},"13":{"start":{"line":23,"column":12},"end":{"line":25,"column":13}},"14":{"start":{"line":24,"column":16},"end":{"line":24,"column":28}},"15":{"start":{"line":28,"column":4},"end":{"line":28,"column":17}},"16":{"start":{"line":32,"column":0},"end":{"line":38,"column":1}},"17":{"start":{"line":34,"column":15},"end":{"line":34,"column":21}},"18":{"start":{"line":35,"column":15},"end":{"line":35,"column":21}},"19":{"start":{"line":36,"column":4},"end":{"line":36,"column":78}},"20":{"start":{"line":37,"column":4},"end":{"line":37,"column":99}},"21":{"start":{"line":41,"column":0},"end":{"line":51,"column":1}},"22":{"start":{"line":43,"column":4},"end":{"line":43,"column":45}},"23":{"start":{"line":45,"column":4},"end":{"line":49,"column":5}},"24":{"start":{"line":45,"column":14},"end":{"line":45,"column":15}},"25":{"start":{"line":46,"column":8},"end":{"line":48,"column":9}},"26":{"start":{"line":47,"column":12},"end":{"line":47,"column":43}},"27":{"start":{"line":50,"column":4},"end":{"line":50,"column":25}},"28":{"start":{"line":56,"column":0},"end":{"line":62,"column":1}},"29":{"start":{"line":58,"column":31},"end":{"line":58,"column":158}},"30":{"start":{"line":59,"column":4},"end":{"line":59,"column":53}},"31":{"start":{"line":60,"column":4},"end":{"line":60,"column":73}},"32":{"start":{"line":64,"column":0},"end":{"line":73,"column":1}},"33":{"start":{"line":66,"column":13},"end":{"line":66,"column":37}},"34":{"start":{"line":67,"column":4},"end":{"line":72,"column":7}},"35":{"start":{"line":77,"column":0},"end":{"line":114,"column":1}},"36":{"start":{"line":80,"column":22},"end":{"line":80,"column":54}},"37":{"start":{"line":82,"column":22},"end":{"line":82,"column":87}},"38":{"start":{"line":85,"column":4},"end":{"line":112,"column":5}},"39":{"start":{"line":91,"column":8},"end":{"line":91,"column":76}},"40":{"start":{"line":97,"column":8},"end":{"line":97,"column":53}},"41":{"start":{"line":99,"column":11},"end":{"line":112,"column":5}},"42":{"start":{"line":103,"column":28},"end":{"line":103,"column":94}},"43":{"start":{"line":107,"column":8},"end":{"line":110,"column":9}},"44":{"start":{"line":109,"column":12},"end":{"line":109,"column":58}},"45":{"start":{"line":117,"column":0},"end":{"line":133,"column":1}},"46":{"start":{"line":119,"column":4},"end":{"line":129,"column":5}},"47":{"start":{"line":119,"column":17},"end":{"line":119,"column":18}},"48":{"start":{"line":120,"column":8},"end":{"line":123,"column":9}},"49":{"start":{"line":121,"column":12},"end":{"line":121,"column":72}},"50":{"start":{"line":124,"column":8},"end":{"line":127,"column":9}},"51":{"start":{"line":126,"column":12},"end":{"line":126,"column":163}},"52":{"start":{"line":130,"column":4},"end":{"line":130,"column":38}},"53":{"start":{"line":131,"column":4},"end":{"line":131,"column":18}},"54":{"start":{"line":135,"column":0},"end":{"line":150,"column":1}},"55":{"start":{"line":137,"column":24},"end":{"line":137,"column":28}},"56":{"start":{"line":138,"column":4},"end":{"line":147,"column":5}},"57":{"start":{"line":138,"column":17},"end":{"line":138,"column":18}},"58":{"start":{"line":139,"column":8},"end":{"line":146,"column":9}},"59":{"start":{"line":139,"column":21},"end":{"line":139,"column":22}},"60":{"start":{"line":140,"column":12},"end":{"line":145,"column":13}},"61":{"start":{"line":142,"column":16},"end":{"line":142,"column":183}},"62":{"start":{"line":143,"column":16},"end":{"line":143,"column":58}},"63":{"start":{"line":144,"column":16},"end":{"line":144,"column":47}},"64":{"start":{"line":148,"column":4},"end":{"line":148,"column":25}},"65":{"start":{"line":155,"column":0},"end":{"line":169,"column":1}},"66":{"start":{"line":157,"column":4},"end":{"line":159,"column":5}},"67":{"start":{"line":158,"column":8},"end":{"line":158,"column":63}},"68":{"start":{"line":160,"column":13},"end":{"line":160,"column":23}},"69":{"start":{"line":162,"column":4},"end":{"line":168,"column":7}},"70":{"start":{"line":173,"column":0},"end":{"line":184,"column":1}},"71":{"start":{"line":175,"column":23},"end":{"line":175,"column":28}},"72":{"start":{"line":176,"column":4},"end":{"line":180,"column":5}},"73":{"start":{"line":176,"column":17},"end":{"line":176,"column":18}},"74":{"start":{"line":177,"column":8},"end":{"line":179,"column":9}},"75":{"start":{"line":178,"column":12},"end":{"line":178,"column":32}},"76":{"start":{"line":181,"column":4},"end":{"line":181,"column":24}},"77":{"start":{"line":187,"column":0},"end":{"line":211,"column":1}},"78":{"start":{"line":188,"column":17},"end":{"line":188,"column":39}},"79":{"start":{"line":190,"column":15},"end":{"line":190,"column":27}},"80":{"start":{"line":191,"column":14},"end":{"line":191,"column":30}},"81":{"start":{"line":194,"column":4},"end":{"line":194,"column":16}},"82":{"start":{"line":195,"column":4},"end":{"line":195,"column":16}},"83":{"start":{"line":196,"column":4},"end":{"line":196,"column":14}},"84":{"start":{"line":198,"column":29},"end":{"line":198,"column":31}},"85":{"start":{"line":199,"column":13},"end":{"line":199,"column":15}},"86":{"start":{"line":200,"column":4},"end":{"line":206,"column":5}},"87":{"start":{"line":200,"column":14},"end":{"line":200,"column":15}},"88":{"start":{"line":201,"column":18},"end":{"line":201,"column":20}},"89":{"start":{"line":202,"column":8},"end":{"line":202,"column":31}},"90":{"start":{"line":203,"column":8},"end":{"line":203,"column":76}},"91":{"start":{"line":204,"column":8},"end":{"line":204,"column":37}},"92":{"start":{"line":209,"column":4},"end":{"line":209,"column":30}},"93":{"start":{"line":217,"column":0},"end":{"line":234,"column":1}},"94":{"start":{"line":219,"column":21},"end":{"line":219,"column":22}},"95":{"start":{"line":220,"column":29},"end":{"line":220,"column":58}},"96":{"start":{"line":223,"column":4},"end":{"line":231,"column":5}},"97":{"start":{"line":223,"column":14},"end":{"line":223,"column":15}},"98":{"start":{"line":224,"column":8},"end":{"line":230,"column":9}},"99":{"start":{"line":225,"column":12},"end":{"line":229,"column":13}},"100":{"start":{"line":226,"column":16},"end":{"line":226,"column":74}},"101":{"start":{"line":227,"column":18},"end":{"line":229,"column":13}},"102":{"start":{"line":228,"column":16},"end":{"line":228,"column":80}},"103":{"start":{"line":232,"column":4},"end":{"line":232,"column":22}},"104":{"start":{"line":236,"column":0},"end":{"line":251,"column":1}},"105":{"start":{"line":237,"column":21},"end":{"line":237,"column":22}},"106":{"start":{"line":238,"column":29},"end":{"line":238,"column":58}},"107":{"start":{"line":240,"column":4},"end":{"line":249,"column":5}},"108":{"start":{"line":240,"column":14},"end":{"line":240,"column":15}},"109":{"start":{"line":241,"column":8},"end":{"line":248,"column":9}},"110":{"start":{"line":242,"column":12},"end":{"line":246,"column":13}},"111":{"start":{"line":243,"column":16},"end":{"line":243,"column":74}},"112":{"start":{"line":244,"column":18},"end":{"line":246,"column":13}},"113":{"start":{"line":245,"column":16},"end":{"line":245,"column":80}},"114":{"start":{"line":250,"column":4},"end":{"line":250,"column":22}},"115":{"start":{"line":253,"column":0},"end":{"line":272,"column":1}},"116":{"start":{"line":256,"column":4},"end":{"line":269,"column":5}},"117":{"start":{"line":257,"column":8},"end":{"line":257,"column":35}},"118":{"start":{"line":258,"column":8},"end":{"line":258,"column":25}},"119":{"start":{"line":259,"column":10},"end":{"line":269,"column":5}},"120":{"start":{"line":260,"column":8},"end":{"line":260,"column":32}},"121":{"start":{"line":261,"column":8},"end":{"line":261,"column":73}},"122":{"start":{"line":262,"column":8},"end":{"line":262,"column":32}},"123":{"start":{"line":263,"column":10},"end":{"line":269,"column":5}},"124":{"start":{"line":264,"column":8},"end":{"line":264,"column":32}},"125":{"start":{"line":265,"column":8},"end":{"line":265,"column":75}},"126":{"start":{"line":267,"column":8},"end":{"line":267,"column":33}},"127":{"start":{"line":268,"column":8},"end":{"line":268,"column":123}},"128":{"start":{"line":270,"column":4},"end":{"line":270,"column":22}},"129":{"start":{"line":274,"column":0},"end":{"line":283,"column":1}},"130":{"start":{"line":276,"column":4},"end":{"line":280,"column":5}},"131":{"start":{"line":276,"column":17},"end":{"line":276,"column":18}},"132":{"start":{"line":277,"column":8},"end":{"line":279,"column":9}},"133":{"start":{"line":278,"column":12},"end":{"line":278,"column":60}},"134":{"start":{"line":281,"column":4},"end":{"line":281,"column":18}},"135":{"start":{"line":285,"column":0},"end":{"line":287,"column":1}},"136":{"start":{"line":286,"column":4},"end":{"line":286,"column":55}},"137":{"start":{"line":289,"column":0},"end":{"line":293,"column":1}},"138":{"start":{"line":291,"column":4},"end":{"line":291,"column":68}},"139":{"start":{"line":292,"column":4},"end":{"line":292,"column":49}},"140":{"start":{"line":297,"column":0},"end":{"line":297,"column":31}}},"fnMap":{"0":{"name":"(anonymous_0)","decl":{"start":{"line":9,"column":33},"end":{"line":9,"column":34}},"loc":{"start":{"line":9,"column":45},"end":{"line":17,"column":1}},"line":9},"1":{"name":"(anonymous_1)","decl":{"start":{"line":19,"column":31},"end":{"line":19,"column":32}},"loc":{"start":{"line":19,"column":64},"end":{"line":29,"column":1}},"line":19},"2":{"name":"(anonymous_2)","decl":{"start":{"line":32,"column":35},"end":{"line":32,"column":36}},"loc":{"start":{"line":32,"column":48},"end":{"line":38,"column":1}},"line":32},"3":{"name":"(anonymous_3)","decl":{"start":{"line":41,"column":37},"end":{"line":41,"column":38}},"loc":{"start":{"line":41,"column":81},"end":{"line":51,"column":1}},"line":41},"4":{"name":"(anonymous_4)","decl":{"start":{"line":56,"column":36},"end":{"line":56,"column":37}},"loc":{"start":{"line":56,"column":65},"end":{"line":62,"column":1}},"line":56},"5":{"name":"(anonymous_5)","decl":{"start":{"line":64,"column":29},"end":{"line":64,"column":30}},"loc":{"start":{"line":64,"column":61},"end":{"line":73,"column":1}},"line":64},"6":{"name":"(anonymous_6)","decl":{"start":{"line":77,"column":31},"end":{"line":77,"column":32}},"loc":{"start":{"line":77,"column":62},"end":{"line":114,"column":1}},"line":77},"7":{"name":"(anonymous_7)","decl":{"start":{"line":117,"column":40},"end":{"line":117,"column":41}},"loc":{"start":{"line":117,"column":65},"end":{"line":133,"column":1}},"line":117},"8":{"name":"(anonymous_8)","decl":{"start":{"line":135,"column":43},"end":{"line":135,"column":44}},"loc":{"start":{"line":135,"column":72},"end":{"line":150,"column":1}},"line":135},"9":{"name":"(anonymous_9)","decl":{"start":{"line":155,"column":27},"end":{"line":155,"column":28}},"loc":{"start":{"line":155,"column":66},"end":{"line":169,"column":1}},"line":155},"10":{"name":"(anonymous_10)","decl":{"start":{"line":173,"column":32},"end":{"line":173,"column":33}},"loc":{"start":{"line":173,"column":55},"end":{"line":184,"column":1}},"line":173},"11":{"name":"(anonymous_11)","decl":{"start":{"line":187,"column":30},"end":{"line":187,"column":31}},"loc":{"start":{"line":187,"column":36},"end":{"line":211,"column":1}},"line":187},"12":{"name":"(anonymous_12)","decl":{"start":{"line":217,"column":36},"end":{"line":217,"column":37}},"loc":{"start":{"line":217,"column":57},"end":{"line":234,"column":1}},"line":217},"13":{"name":"(anonymous_13)","decl":{"start":{"line":236,"column":36},"end":{"line":236,"column":37}},"loc":{"start":{"line":236,"column":59},"end":{"line":251,"column":1}},"line":236},"14":{"name":"(anonymous_14)","decl":{"start":{"line":253,"column":41},"end":{"line":253,"column":42}},"loc":{"start":{"line":253,"column":77},"end":{"line":272,"column":1}},"line":253},"15":{"name":"(anonymous_15)","decl":{"start":{"line":274,"column":35},"end":{"line":274,"column":36}},"loc":{"start":{"line":274,"column":70},"end":{"line":283,"column":1}},"line":274},"16":{"name":"(anonymous_16)","decl":{"start":{"line":285,"column":32},"end":{"line":285,"column":33}},"loc":{"start":{"line":285,"column":38},"end":{"line":287,"column":1}},"line":285},"17":{"name":"(anonymous_17)","decl":{"start":{"line":289,"column":30},"end":{"line":289,"column":31}},"loc":{"start":{"line":289,"column":71},"end":{"line":293,"column":1}},"line":289}},"branchMap":{"0":{"loc":{"start":{"line":23,"column":12},"end":{"line":25,"column":13}},"type":"if","locations":[{"start":{"line":23,"column":12},"end":{"line":25,"column":13}},{"start":{},"end":{}}],"line":23},"1":{"loc":{"start":{"line":46,"column":8},"end":{"line":48,"column":9}},"type":"if","locations":[{"start":{"line":46,"column":8},"end":{"line":48,"column":9}},{"start":{},"end":{}}],"line":46},"2":{"loc":{"start":{"line":85,"column":4},"end":{"line":112,"column":5}},"type":"if","locations":[{"start":{"line":85,"column":4},"end":{"line":112,"column":5}},{"start":{"line":99,"column":11},"end":{"line":112,"column":5}}],"line":85},"3":{"loc":{"start":{"line":99,"column":11},"end":{"line":112,"column":5}},"type":"if","locations":[{"start":{"line":99,"column":11},"end":{"line":112,"column":5}},{"start":{},"end":{}}],"line":99},"4":{"loc":{"start":{"line":99,"column":15},"end":{"line":99,"column":98}},"type":"binary-expr","locations":[{"start":{"line":99,"column":15},"end":{"line":99,"column":27}},{"start":{"line":99,"column":31},"end":{"line":99,"column":98}}],"line":99},"5":{"loc":{"start":{"line":107,"column":8},"end":{"line":110,"column":9}},"type":"if","locations":[{"start":{"line":107,"column":8},"end":{"line":110,"column":9}},{"start":{},"end":{}}],"line":107},"6":{"loc":{"start":{"line":120,"column":8},"end":{"line":123,"column":9}},"type":"if","locations":[{"start":{"line":120,"column":8},"end":{"line":123,"column":9}},{"start":{},"end":{}}],"line":120},"7":{"loc":{"start":{"line":124,"column":8},"end":{"line":127,"column":9}},"type":"if","locations":[{"start":{"line":124,"column":8},"end":{"line":127,"column":9}},{"start":{},"end":{}}],"line":124},"8":{"loc":{"start":{"line":140,"column":12},"end":{"line":145,"column":13}},"type":"if","locations":[{"start":{"line":140,"column":12},"end":{"line":145,"column":13}},{"start":{},"end":{}}],"line":140},"9":{"loc":{"start":{"line":157,"column":4},"end":{"line":159,"column":5}},"type":"if","locations":[{"start":{"line":157,"column":4},"end":{"line":159,"column":5}},{"start":{},"end":{}}],"line":157},"10":{"loc":{"start":{"line":177,"column":8},"end":{"line":179,"column":9}},"type":"if","locations":[{"start":{"line":177,"column":8},"end":{"line":179,"column":9}},{"start":{},"end":{}}],"line":177},"11":{"loc":{"start":{"line":224,"column":8},"end":{"line":230,"column":9}},"type":"if","locations":[{"start":{"line":224,"column":8},"end":{"line":230,"column":9}},{"start":{},"end":{}}],"line":224},"12":{"loc":{"start":{"line":225,"column":12},"end":{"line":229,"column":13}},"type":"if","locations":[{"start":{"line":225,"column":12},"end":{"line":229,"column":13}},{"start":{"line":227,"column":18},"end":{"line":229,"column":13}}],"line":225},"13":{"loc":{"start":{"line":227,"column":18},"end":{"line":229,"column":13}},"type":"if","locations":[{"start":{"line":227,"column":18},"end":{"line":229,"column":13}},{"start":{},"end":{}}],"line":227},"14":{"loc":{"start":{"line":241,"column":8},"end":{"line":248,"column":9}},"type":"if","locations":[{"start":{"line":241,"column":8},"end":{"line":248,"column":9}},{"start":{},"end":{}}],"line":241},"15":{"loc":{"start":{"line":242,"column":12},"end":{"line":246,"column":13}},"type":"if","locations":[{"start":{"line":242,"column":12},"end":{"line":246,"column":13}},{"start":{"line":244,"column":18},"end":{"line":246,"column":13}}],"line":242},"16":{"loc":{"start":{"line":244,"column":18},"end":{"line":246,"column":13}},"type":"if","locations":[{"start":{"line":244,"column":18},"end":{"line":246,"column":13}},{"start":{},"end":{}}],"line":244},"17":{"loc":{"start":{"line":256,"column":4},"end":{"line":269,"column":5}},"type":"if","locations":[{"start":{"line":256,"column":4},"end":{"line":269,"column":5}},{"start":{"line":259,"column":10},"end":{"line":269,"column":5}}],"line":256},"18":{"loc":{"start":{"line":259,"column":10},"end":{"line":269,"column":5}},"type":"if","locations":[{"start":{"line":259,"column":10},"end":{"line":269,"column":5}},{"start":{"line":263,"column":10},"end":{"line":269,"column":5}}],"line":259},"19":{"loc":{"start":{"line":259,"column":13},"end":{"line":259,"column":61}},"type":"binary-expr","locations":[{"start":{"line":259,"column":13},"end":{"line":259,"column":36}},{"start":{"line":259,"column":40},"end":{"line":259,"column":61}}],"line":259},"20":{"loc":{"start":{"line":263,"column":10},"end":{"line":269,"column":5}},"type":"if","locations":[{"start":{"line":263,"column":10},"end":{"line":269,"column":5}},{"start":{"line":266,"column":9},"end":{"line":269,"column":5}}],"line":263},"21":{"loc":{"start":{"line":263,"column":13},"end":{"line":263,"column":61}},"type":"binary-expr","locations":[{"start":{"line":263,"column":13},"end":{"line":263,"column":36}},{"start":{"line":263,"column":40},"end":{"line":263,"column":61}}],"line":263},"22":{"loc":{"start":{"line":277,"column":8},"end":{"line":279,"column":9}},"type":"if","locations":[{"start":{"line":277,"column":8},"end":{"line":279,"column":9}},{"start":{},"end":{}}],"line":277}},"s":{"0":2,"1":2,"2":2,"3":2,"4":2,"5":2,"6":1,"7":2,"8":2,"9":2,"10":2,"11":2,"12":2,"13":3,"14":1,"15":1,"16":2,"17":4,"18":4,"19":4,"20":4,"21":2,"22":1,"23":1,"24":1,"25":2,"26":1,"27":1,"28":2,"29":0,"30":0,"31":0,"32":2,"33":0,"34":0,"35":2,"36":0,"37":0,"38":0,"39":0,"40":0,"41":0,"42":0,"43":0,"44":0,"45":2,"46":3,"47":3,"48":6,"49":2,"50":6,"51":2,"52":3,"53":3,"54":2,"55":5,"56":5,"57":5,"58":10,"59":10,"60":20,"61":3,"62":3,"63":3,"64":5,"65":2,"66":0,"67":0,"68":0,"69":0,"70":2,"71":2,"72":2,"73":2,"74":4,"75":1,"76":2,"77":2,"78":0,"79":0,"80":0,"81":0,"82":0,"83":0,"84":0,"85":0,"86":0,"87":0,"88":0,"89":0,"90":0,"91":0,"92":0,"93":2,"94":4,"95":4,"96":4,"97":4,"98":9,"99":3,"100":2,"101":1,"102":1,"103":4,"104":2,"105":3,"106":3,"107":3,"108":3,"109":6,"110":2,"111":1,"112":1,"113":1,"114":3,"115":2,"116":9,"117":6,"118":6,"119":3,"120":1,"121":1,"122":1,"123":2,"124":1,"125":1,"126":1,"127":1,"128":9,"129":2,"130":1,"131":1,"132":2,"133":1,"134":1,"135":2,"136":1002,"137":2,"138":0,"139":0,"140":2},"f":{"0":2,"1":2,"2":4,"3":1,"4":0,"5":0,"6":0,"7":3,"8":5,"9":0,"10":2,"11":0,"12":4,"13":3,"14":9,"15":1,"16":1002,"17":0},"b":{"0":[1,2],"1":[1,1],"2":[0,0],"3":[0,0],"4":[0,0],"5":[0,0],"6":[2,4],"7":[2,4],"8":[3,17],"9":[0,0],"10":[1,3],"11":[3,6],"12":[2,1],"13":[1,0],"14":[2,4],"15":[1,1],"16":[1,0],"17":[6,3],"18":[1,2],"19":[3,1],"20":[1,1],"21":[2,2],"22":[1,1]},"_coverageSchema":"1a1c01bbd47fc00a2c39e90264f33305004495a9","hash":"08466900b308b08d4122ebc0e97a2cde14530991"}
}
