TN:
SF:server\routes\api\clientRoutes.js
FN:6,(anonymous_0)
FN:32,(anonymous_1)
FNF:2
FNH:2
FNDA:2,(anonymous_0)
FNDA:2,(anonymous_1)
DA:1,1
DA:2,1
DA:4,1
DA:6,1
DA:8,2
DA:9,2
DA:10,2
DA:11,1
DA:13,1
DA:32,1
DA:34,2
DA:36,2
DA:37,2
DA:38,1
DA:39,1
DA:40,1
DA:42,1
DA:62,1
LF:18
LH:18
BRDA:10,0,0,1
BRDA:10,0,1,1
BRDA:10,1,0,2
BRDA:10,1,1,2
BRDA:38,2,0,0
BRDA:38,2,1,1
BRF:6
BRH:5
end_of_record
TN:
SF:server\routes\api\sendMailRouter.js
FN:9,(anonymous_0)
FN:15,(anonymous_1)
FN:41,(anonymous_2)
FNF:3
FNH:0
FNDA:0,(anonymous_0)
FNDA:0,(anonymous_1)
FNDA:0,(anonymous_2)
DA:1,0
DA:2,0
DA:3,0
DA:4,0
DA:6,0
DA:9,0
DA:15,0
DA:16,0
DA:19,0
DA:30,0
DA:32,0
DA:41,0
DA:42,0
DA:43,0
DA:44,0
DA:46,0
DA:47,0
DA:48,0
DA:49,0
DA:50,0
DA:54,0
DA:57,0
LF:22
LH:0
BRDA:42,0,0,0
BRDA:42,0,1,0
BRF:2
BRH:0
end_of_record
TN:
SF:server\scripts\downloadFile.js
FN:8,(anonymous_0)
FN:11,(anonymous_1)
FN:14,(anonymous_2)
FN:19,(anonymous_3)
FN:20,(anonymous_4)
FN:28,(anonymous_5)
FNF:6
FNH:5
FNDA:3,(anonymous_0)
FNDA:3,(anonymous_1)
FNDA:7,(anonymous_2)
FNDA:3,(anonymous_3)
FNDA:3,(anonymous_4)
FNDA:0,(anonymous_5)
DA:1,1
DA:2,1
DA:4,1
DA:8,1
DA:9,3
DA:10,3
DA:11,3
DA:12,3
DA:14,3
DA:15,7
DA:19,3
DA:20,3
DA:21,3
DA:22,1
DA:23,1
DA:25,2
DA:29,0
DA:36,1
LF:18
LH:17
BRDA:21,0,0,1
BRDA:21,0,1,2
BRF:2
BRH:2
end_of_record
TN:
SF:server\scripts\paymentsTools.js
FN:9,(anonymous_0)
FN:19,(anonymous_1)
FN:32,(anonymous_2)
FN:41,(anonymous_3)
FN:56,(anonymous_4)
FN:64,(anonymous_5)
FN:77,(anonymous_6)
FN:117,(anonymous_7)
FN:135,(anonymous_8)
FN:155,(anonymous_9)
FN:173,(anonymous_10)
FN:187,(anonymous_11)
FN:217,(anonymous_12)
FN:236,(anonymous_13)
FN:253,(anonymous_14)
FN:274,(anonymous_15)
FN:285,(anonymous_16)
FN:289,(anonymous_17)
FNF:18
FNH:12
FNDA:2,(anonymous_0)
FNDA:2,(anonymous_1)
FNDA:4,(anonymous_2)
FNDA:1,(anonymous_3)
FNDA:0,(anonymous_4)
FNDA:0,(anonymous_5)
FNDA:0,(anonymous_6)
FNDA:3,(anonymous_7)
FNDA:5,(anonymous_8)
FNDA:0,(anonymous_9)
FNDA:2,(anonymous_10)
FNDA:0,(anonymous_11)
FNDA:4,(anonymous_12)
FNDA:3,(anonymous_13)
FNDA:9,(anonymous_14)
FNDA:1,(anonymous_15)
FNDA:1002,(anonymous_16)
FNDA:0,(anonymous_17)
DA:2,2
DA:7,2
DA:9,2
DA:10,2
DA:11,2
DA:12,2
DA:14,1
DA:16,2
DA:19,2
DA:21,2
DA:22,2
DA:23,3
DA:24,1
DA:28,1
DA:32,2
DA:34,4
DA:35,4
DA:36,4
DA:37,4
DA:41,2
DA:43,1
DA:45,1
DA:46,2
DA:47,1
DA:50,1
DA:56,2
DA:58,0
DA:59,0
DA:60,0
DA:64,2
DA:66,0
DA:67,0
DA:77,2
DA:80,0
DA:82,0
DA:85,0
DA:91,0
DA:97,0
DA:99,0
DA:103,0
DA:107,0
DA:109,0
DA:117,2
DA:119,3
DA:120,6
DA:121,2
DA:124,6
DA:126,2
DA:130,3
DA:131,3
DA:135,2
DA:137,5
DA:138,5
DA:139,10
DA:140,20
DA:142,3
DA:143,3
DA:144,3
DA:148,5
DA:155,2
DA:157,0
DA:158,0
DA:160,0
DA:162,0
DA:173,2
DA:175,2
DA:176,2
DA:177,4
DA:178,1
DA:181,2
DA:187,2
DA:188,0
DA:190,0
DA:191,0
DA:194,0
DA:195,0
DA:196,0
DA:198,0
DA:199,0
DA:200,0
DA:201,0
DA:202,0
DA:203,0
DA:204,0
DA:209,0
DA:217,2
DA:219,4
DA:220,4
DA:223,4
DA:224,9
DA:225,3
DA:226,2
DA:227,1
DA:228,1
DA:232,4
DA:236,2
DA:237,3
DA:238,3
DA:240,3
DA:241,6
DA:242,2
DA:243,1
DA:244,1
DA:245,1
DA:250,3
DA:253,2
DA:256,9
DA:257,6
DA:258,6
DA:259,3
DA:260,1
DA:261,1
DA:262,1
DA:263,2
DA:264,1
DA:265,1
DA:267,1
DA:268,1
DA:270,9
DA:274,2
DA:276,1
DA:277,2
DA:278,1
DA:281,1
DA:285,2
DA:286,1002
DA:289,2
DA:291,0
DA:292,0
DA:297,2
LF:130
LH:96
BRDA:23,0,0,1
BRDA:23,0,1,2
BRDA:46,1,0,1
BRDA:46,1,1,1
BRDA:85,2,0,0
BRDA:85,2,1,0
BRDA:99,3,0,0
BRDA:99,3,1,0
BRDA:99,4,0,0
BRDA:99,4,1,0
BRDA:107,5,0,0
BRDA:107,5,1,0
BRDA:120,6,0,2
BRDA:120,6,1,4
BRDA:124,7,0,2
BRDA:124,7,1,4
BRDA:140,8,0,3
BRDA:140,8,1,17
BRDA:157,9,0,0
BRDA:157,9,1,0
BRDA:177,10,0,1
BRDA:177,10,1,3
BRDA:224,11,0,3
BRDA:224,11,1,6
BRDA:225,12,0,2
BRDA:225,12,1,1
BRDA:227,13,0,1
BRDA:227,13,1,0
BRDA:241,14,0,2
BRDA:241,14,1,4
BRDA:242,15,0,1
BRDA:242,15,1,1
BRDA:244,16,0,1
BRDA:244,16,1,0
BRDA:256,17,0,6
BRDA:256,17,1,3
BRDA:259,18,0,1
BRDA:259,18,1,2
BRDA:259,19,0,3
BRDA:259,19,1,1
BRDA:263,20,0,1
BRDA:263,20,1,1
BRDA:263,21,0,2
BRDA:263,21,1,2
BRDA:277,22,0,1
BRDA:277,22,1,1
BRF:46
BRH:34
end_of_record
