TN:
SF:server\routes\api\clientRoutes.js
FN:6,(anonymous_0)
FN:33,(anonymous_1)
FNF:2
FNH:2
FNDA:2,(anonymous_0)
FNDA:2,(anonymous_1)
DA:1,1
DA:2,1
DA:4,1
DA:6,1
DA:8,2
DA:9,2
DA:10,2
DA:11,1
DA:13,1
DA:33,1
DA:35,2
DA:37,2
DA:38,2
DA:39,1
DA:40,1
DA:41,1
DA:43,1
DA:63,1
LF:18
LH:18
BRDA:10,0,0,1
BRDA:10,0,1,1
BRDA:10,1,0,2
BRDA:10,1,1,2
BRDA:39,2,0,0
BRDA:39,2,1,1
BRF:6
BRH:5
end_of_record
TN:
SF:server\scripts\downloadFile.js
FN:8,(anonymous_0)
FN:11,(anonymous_1)
FN:14,(anonymous_2)
FN:19,(anonymous_3)
FN:20,(anonymous_4)
FNF:5
FNH:5
FNDA:2,(anonymous_0)
FNDA:2,(anonymous_1)
FNDA:2,(anonymous_2)
FNDA:2,(anonymous_3)
FNDA:2,(anonymous_4)
DA:1,1
DA:2,1
DA:4,1
DA:8,1
DA:9,2
DA:10,2
DA:11,2
DA:12,2
DA:14,2
DA:15,2
DA:19,2
DA:20,2
DA:21,2
DA:30,1
LF:14
LH:14
BRF:0
BRH:0
end_of_record
TN:
SF:server\scripts\paymentsTools.js
FN:8,(anonymous_0)
FN:18,(anonymous_1)
FN:31,(anonymous_2)
FN:40,(anonymous_3)
FN:55,(anonymous_4)
FN:63,(anonymous_5)
FN:76,(anonymous_6)
FN:110,(anonymous_7)
FN:128,(anonymous_8)
FN:148,(anonymous_9)
FN:163,(anonymous_10)
FN:177,(anonymous_11)
FN:207,(anonymous_12)
FN:226,(anonymous_13)
FN:243,(anonymous_14)
FN:264,(anonymous_15)
FN:275,(anonymous_16)
FN:279,(anonymous_17)
FNF:18
FNH:14
FNDA:2,(anonymous_0)
FNDA:2,(anonymous_1)
FNDA:4,(anonymous_2)
FNDA:1,(anonymous_3)
FNDA:0,(anonymous_4)
FNDA:0,(anonymous_5)
FNDA:0,(anonymous_6)
FNDA:3,(anonymous_7)
FNDA:5,(anonymous_8)
FNDA:2,(anonymous_9)
FNDA:2,(anonymous_10)
FNDA:0,(anonymous_11)
FNDA:4,(anonymous_12)
FNDA:3,(anonymous_13)
FNDA:9,(anonymous_14)
FNDA:2,(anonymous_15)
FNDA:1002,(anonymous_16)
FNDA:1,(anonymous_17)
DA:1,2
DA:6,2
DA:8,2
DA:9,2
DA:10,2
DA:11,2
DA:13,1
DA:15,2
DA:18,2
DA:20,2
DA:21,2
DA:22,3
DA:23,1
DA:27,1
DA:31,2
DA:33,4
DA:34,4
DA:35,4
DA:36,4
DA:40,2
DA:42,1
DA:44,1
DA:45,2
DA:46,1
DA:49,1
DA:55,2
DA:57,0
DA:58,0
DA:63,2
DA:65,0
DA:66,0
DA:76,2
DA:79,0
DA:81,0
DA:85,0
DA:90,0
DA:92,0
DA:94,0
DA:96,0
DA:100,0
DA:102,0
DA:110,2
DA:112,3
DA:113,6
DA:114,2
DA:117,6
DA:119,2
DA:123,3
DA:124,3
DA:128,2
DA:130,5
DA:131,5
DA:132,10
DA:133,20
DA:135,3
DA:136,3
DA:137,3
DA:141,5
DA:148,2
DA:150,2
DA:152,2
DA:163,2
DA:165,2
DA:166,2
DA:167,4
DA:168,1
DA:171,2
DA:177,2
DA:178,0
DA:180,0
DA:181,0
DA:184,0
DA:185,0
DA:186,0
DA:188,0
DA:189,0
DA:190,0
DA:191,0
DA:192,0
DA:193,0
DA:194,0
DA:199,0
DA:207,2
DA:209,4
DA:210,4
DA:213,4
DA:214,9
DA:215,3
DA:216,2
DA:217,1
DA:218,1
DA:222,4
DA:226,2
DA:227,3
DA:228,3
DA:230,3
DA:231,6
DA:232,2
DA:233,1
DA:234,1
DA:235,1
DA:240,3
DA:243,2
DA:246,9
DA:247,6
DA:248,6
DA:249,3
DA:250,1
DA:251,1
DA:252,1
DA:253,2
DA:254,1
DA:255,1
DA:257,1
DA:258,1
DA:260,9
DA:264,2
DA:266,2
DA:267,3
DA:268,1
DA:271,2
DA:275,2
DA:276,1002
DA:279,2
DA:281,1
DA:282,1
DA:287,2
LF:127
LH:100
BRDA:22,0,0,1
BRDA:22,0,1,2
BRDA:45,1,0,1
BRDA:45,1,1,1
BRDA:85,2,0,0
BRDA:85,2,1,0
BRDA:94,3,0,0
BRDA:94,3,1,0
BRDA:94,4,0,0
BRDA:94,4,1,0
BRDA:100,5,0,0
BRDA:100,5,1,0
BRDA:113,6,0,2
BRDA:113,6,1,4
BRDA:117,7,0,2
BRDA:117,7,1,4
BRDA:133,8,0,3
BRDA:133,8,1,17
BRDA:167,9,0,1
BRDA:167,9,1,3
BRDA:214,10,0,3
BRDA:214,10,1,6
BRDA:215,11,0,2
BRDA:215,11,1,1
BRDA:217,12,0,1
BRDA:217,12,1,0
BRDA:231,13,0,2
BRDA:231,13,1,4
BRDA:232,14,0,1
BRDA:232,14,1,1
BRDA:234,15,0,1
BRDA:234,15,1,0
BRDA:246,16,0,6
BRDA:246,16,1,3
BRDA:249,17,0,1
BRDA:249,17,1,2
BRDA:249,18,0,3
BRDA:249,18,1,1
BRDA:253,19,0,1
BRDA:253,19,1,1
BRDA:253,20,0,2
BRDA:253,20,1,2
BRDA:267,21,0,1
BRDA:267,21,1,2
BRF:44
BRH:34
end_of_record
